<?xml version="1.0" encoding="UTF-8"?>
<!-- Generated by org.testng.reporters.JUnitXMLReporter -->
<testsuite ignored="0" hostname="LIN41006553" failures="1" tests="1" name="Default test" time="2.807" errors="0" timestamp="2022-06-02T15:01:42 IST">
  <testcase classname="Basic3" name="AddAndDelete" time="2.764">
    <failure type="java.lang.AssertionError" message="1 expectation failed.
XML path status doesn&amp;apos;t match.
Expected: OK
  Actual: nullnullnullnullnullnullnullnull
			//Create a dynamic element to allow sending of the document mode of IE.
			//This way we can notify PHP that it can display modern content instead of classic, despite the browser&amp;apos;s reporting of being IE7.
			var headID = document.getElementsByTagName(&amp;quot;head&amp;quot;)[0];         
			var cssNode = document.createElement(&amp;apos;link&amp;apos;);
			cssNode.type = &amp;apos;text/css&amp;apos;;
			cssNode.rel = &amp;apos;stylesheet&amp;apos;;
			cssNode.href = &amp;quot;/UserCheck/css/UserCheckCSS&amp;quot; + (document.documentMode !== undefined ? &amp;quot;?documentMode=&amp;quot; + document.documentMode : &amp;quot;&amp;quot;);
			headID.appendChild(cssNode);
		
			
/*
========================================================================================================================
PORTAL IS - ESSENTIALS INCLUSION - START
________________________________________________________________________________________________________________________
*/
// Set global PORTAL_IS namespace.
window.PORTAL_IS = {};

// Set namespace.
PORTAL_IS.CONF = {};

PORTAL_IS.CONF.AJAX_REQ_TIMEOUT = 15000;

// These properties describes the external references of the portal.
PORTAL_IS.CONF.MULTI_PORTALS = {};
PORTAL_IS.CONF.MULTI_PORTALS.EXTERNAL_PATH 		= &amp;quot;&amp;quot;;
PORTAL_IS.CONF.MULTI_PORTALS.EXTERNAL_PORT		= 443;
PORTAL_IS.CONF.MULTI_PORTALS.EXTERNAL_HOST		= &amp;quot;192.168.0.0&amp;quot;;
PORTAL_IS.CONF.MULTI_PORTALS.EXTERNAL_SCHEME	= &amp;quot;https&amp;quot;;
PORTAL_IS.CONF.MULTI_PORTALS.XSRF_TOKEN			= &amp;quot;&amp;quot;;

// The current web application name.
PORTAL_IS.CONF.WEBAPP_NAME = &amp;quot;UserCheck&amp;quot;;

// Debug configurations
PORTAL_IS.CONF.MAX_STACK_SIZE = 1000;
PORTAL_IS.CONF.QUIET_MODE		= &amp;quot;on&amp;quot;.toLowerCase() == &amp;quot;on&amp;quot;;
PORTAL_IS.CONF.DEBUG_LEVEL 	= 0;


// Set namespace.
window.PORTAL_IS.L10N = {}

// Localization object.
//=============================================================================================
function __L10N()
{
	this.strings = new Array();
	this.browserLangs = new Array();

	this.init = function()
	{
		var obj = {&amp;quot;UC_TITLE&amp;quot;:&amp;quot;Check Point UserCheck&amp;quot;,&amp;quot;UC_TITLE_MOBILE_DLP&amp;quot;:&amp;quot;Check Point UserCheck Mobile DLP&amp;quot;,&amp;quot;BUTTON.OK&amp;quot;:&amp;quot;OK&amp;quot;,&amp;quot;BUTTON.CANCEL&amp;quot;:&amp;quot;Cancel&amp;quot;,&amp;quot;BUTTON.SEND&amp;quot;:&amp;quot;Send&amp;quot;,&amp;quot;BUTTON.DISCARD&amp;quot;:&amp;quot;Discard&amp;quot;,&amp;quot;BUTTON.APPROVE&amp;quot;:&amp;quot;Approve&amp;quot;,&amp;quot;BUTTON.CONFIRM&amp;quot;:&amp;quot;Confirm&amp;quot;,&amp;quot;BUTTON.CLOSE&amp;quot;:&amp;quot;Close&amp;quot;,&amp;quot;WRONG_ID&amp;quot;:&amp;quot;This notification page has expired. You can safely close the page. &amp;quot;,&amp;quot;TIMEOUT&amp;quot;:&amp;quot;This notification page has expired. You can safely close the page. &amp;quot;,&amp;quot;RETRY&amp;quot;:&amp;quot;Reload the original page.&amp;quot;,&amp;quot;REPORT_SUCCESS&amp;quot;:&amp;quot;Report was sent successfully.&amp;quot;,&amp;quot;REPORT_ERROR&amp;quot;:&amp;quot;An error occured while sending the report.&amp;quot;,&amp;quot;REQUIRED_FIELDS&amp;quot;:&amp;quot;Required fields&amp;quot;,&amp;quot;ENTER_TEXT&amp;quot;:&amp;quot;Enter text&amp;quot;,&amp;quot;TEXT_TOO_LONG&amp;quot;:&amp;quot;Your text is too long!&amp;quot;,&amp;quot;RETURN_TO_SITE&amp;quot;:&amp;quot;Return to site&amp;quot;,&amp;quot;UC.BLOCKED_IFRAME&amp;quot;:&amp;quot;Learn more...&amp;quot;,&amp;quot;UC.INFO_IFRAME&amp;quot;:&amp;quot;Click to resolve...&amp;quot;,&amp;quot;PLEASE_WAIT&amp;quot;:&amp;quot;Please wait . . .&amp;quot;,&amp;quot;NO_SCRIPT&amp;quot;:&amp;quot;This portal requires a browser which supports JavaScript.&amp;lt;br&amp;gt;Please make sure that you are using an updated browser and that JavaScript is enabled.&amp;quot;,&amp;quot;MSGBOX_TITLE_CONFIRMATION&amp;quot;:&amp;quot;Confirmation&amp;quot;,&amp;quot;MSGBOX_TITLE_JUSTIFICATION&amp;quot;:&amp;quot;Justification&amp;quot;,&amp;quot;MSGBOX_TITLE_APPROVER&amp;quot;:&amp;quot;Approver&amp;quot;,&amp;quot;MSGBOX_TITLE_WARNING&amp;quot;:&amp;quot;Warning&amp;quot;,&amp;quot;MSGBOX_TITLE_ATTENTION&amp;quot;:&amp;quot;Attention&amp;quot;,&amp;quot;MSGBOX_TITLE_ERROR&amp;quot;:&amp;quot;Error&amp;quot;,&amp;quot;MSGBOX_TITLE_REPORT_ERROR&amp;quot;:&amp;quot;Report an error&amp;quot;,&amp;quot;MSGBOX_TITLE_EXTEND_EXPIRATION&amp;quot;:&amp;quot;Extend expiration date&amp;quot;,&amp;quot;DEFAULT_GENERIC_CLIENT_ERROR&amp;quot;:&amp;quot;An unexpected error has occurred.\nYou may still be able to continue working normally.\nPlease retry accessing the web page in a short while.\n\n&amp;quot;,&amp;quot;DEFAULT_GENERIC_TIMEOUT_CLIENT_ERROR&amp;quot;:&amp;quot;You may not access this page, or this page has expired.\nPlease sign in.&amp;quot;,&amp;quot;LOG_REFERENCE_ID&amp;quot;:&amp;quot;Log reference id: &amp;quot;,&amp;quot;ERROR.LINK.SEND_ERROR_REPORT&amp;quot;:&amp;quot;Send error report&amp;quot;,&amp;quot;ERROR.LINK.IM_HAVING_PROBLEMS&amp;quot;:&amp;quot;I am having problems with this Portal.&amp;quot;,&amp;quot;CHECKPOINT_COPY_RIGHTS&amp;quot;:&amp;quot;&amp;amp;copy;2018 Check Point Software Technologies Ltd.&amp;quot;,&amp;quot;EMAIL_SENT&amp;quot;:&amp;quot;The email has been sent&amp;quot;,&amp;quot;EMAIL_DISCARDED&amp;quot;:&amp;quot;The email has been discarded&amp;quot;,&amp;quot;EMAIL_ALREADY_SENT&amp;quot;:&amp;quot;The email has already been sent&amp;quot;,&amp;quot;EMAIL_ALREADY_DISCARDED&amp;quot;:&amp;quot;The email has already been discarded&amp;quot;,&amp;quot;UNKOWN_INCIDENT_STATUS&amp;quot;:&amp;quot;An unexpected error has occurred.\nThe incident status is unknown&amp;quot;,&amp;quot;REVIEW_TEXT&amp;quot;:&amp;quot;Review issue in portal&amp;quot;,&amp;quot;MAIL.ITEM.ATTACHMENTS&amp;quot;:&amp;quot;Attachments&amp;quot;,&amp;quot;HTTP_LEARNING&amp;quot;:&amp;quot;To complete the operation, &amp;lt;b&amp;gt;please return to site and resend the information&amp;lt;\/b&amp;gt;, thanks.&amp;quot;,&amp;quot;HTTP_LEARNING_ERROR_MSG&amp;quot;:&amp;quot;Sending the message cannot be approved,&amp;lt;\/br&amp;gt; please contact your system administrator.&amp;quot;,&amp;quot;HTTP_LEARNING_ERROR_TOOLTIP&amp;quot;:&amp;quot;Sending the message cannot be approved, please contact your system administrator.&amp;quot;,&amp;quot;IE6_MESSAGE1&amp;quot;:&amp;quot;Please update your browser in order to use UserCheck&amp;quot;,&amp;quot;IE6_MESSAGE2&amp;quot;:&amp;quot;This browser is not supported. &amp;lt;br\/&amp;gt;This site requires Internet Explorer 8+, Chrome, Firefox or Opera.&amp;quot;,&amp;quot;CP_SCRUB_WAIT_MESSAGE&amp;quot;:&amp;quot;Please wait while loading files...&amp;quot;,&amp;quot;CP_SCRUB_RESULT_SUCCESS&amp;quot;:&amp;quot;Threat Prevention didn&amp;apos;t detect cleanable parts&amp;quot;,&amp;quot;CP_SCRUB_RESULT_FAILURE&amp;quot;:&amp;quot;File structure may be corrupted&amp;quot;,&amp;quot;CP_SCRUB_RESULT_TIMEOUT&amp;quot;:&amp;quot;&amp;quot;,&amp;quot;CP_SCRUB_RESULT_UNSUPPORTED_FILE&amp;quot;:&amp;quot;File contents do not match the extension&amp;quot;,&amp;quot;CP_SCRUB_RESULT_NOT_SCRUBBED&amp;quot;:&amp;quot;&amp;quot;,&amp;quot;CP_SCRUB_RESULT_INTERNAL_ERROR&amp;quot;:&amp;quot;&amp;quot;,&amp;quot;CP_SCRUB_RESULT_NO_VALID_CONTRACT&amp;quot;:&amp;quot;&amp;quot;,&amp;quot;CP_SCRUB_RESULT_SKIPPED_BY_TE_CONFIDENCE&amp;quot;:&amp;quot;&amp;quot;,&amp;quot;CP_SCRUB_RESULT_OUT_OF_MEMORY&amp;quot;:&amp;quot;&amp;quot;,&amp;quot;CP_SCRUB_RESULT_DOCSEC_FILE&amp;quot;:&amp;quot;File encrypted using Checkpoint&amp;apos;s Document Security&amp;quot;,&amp;quot;CP_SCRUB_RESULT_ENCRYPTED_FILE&amp;quot;:&amp;quot;contains encrypted data&amp;quot;,&amp;quot;CP_SCRUB_RESULT_SKIPPED_BY_SCRIPT&amp;quot;:&amp;quot;&amp;quot;,&amp;quot;CP_SCRUB_RESULT_DISK_LIMIT_REACHED&amp;quot;:&amp;quot;&amp;quot;,&amp;quot;CP_SCRUB_RESULT_BYPASS_SCRUB&amp;quot;:&amp;quot;&amp;quot;,&amp;quot;CP_SCRUB_RESULT_WATERMARK_FAILED&amp;quot;:&amp;quot;&amp;quot;,&amp;quot;CP_SCRUB_INVALID_EMAIL&amp;quot;:&amp;quot;Invalid Email Address&amp;quot;,&amp;quot;CP_SCRUB_SEND_MAIL_STRING&amp;quot;:&amp;quot;Send the original mail to me:&amp;quot;,&amp;quot;CP_SCRUB_SEND_EMAIL_EXAMPLE&amp;quot;:&amp;quot;john@hackme.com&amp;quot;,&amp;quot;CP_SCRUB_SEND_EMAIL_SUCCESS&amp;quot;:&amp;quot;Mail was sent successfully, please check your inbox&amp;quot;,&amp;quot;CP_SCRUB_SEND_EMAIL_ERROR&amp;quot;:&amp;quot;Could not send mail to the recipient, please verify your address&amp;quot;,&amp;quot;CTNT_EMAIL_CONFIRM&amp;quot;:&amp;quot;Thank you for your input. To complete the operation, &amp;lt;b&amp;gt;please resend the email&amp;lt;\/b&amp;gt;.\n &amp;lt;br\/&amp;gt;It is safe to close this page.&amp;quot;,&amp;quot;CP_SCRUB_FILE_STATUS_WAITING_FOR_TE_DESC&amp;quot;:&amp;quot;scanning...&amp;quot;,&amp;quot;CP_SCRUB_FILE_STATUS_WAITING_FOR_TE&amp;quot;:&amp;quot;Please wait while file is being scanned&amp;quot;,&amp;quot;CP_SCRUB_FILE_STATUS_BLOCKED_BY_TE_DESC&amp;quot;:&amp;quot;blocked - file is malicious&amp;quot;,&amp;quot;CP_SCRUB_FILE_STATUS_BLOCKED_BY_TE&amp;quot;:&amp;quot;File is malicious - blocked for download&amp;quot;,&amp;quot;CP_SCRUB_FILE_STATUS_BLOCKED_BY_POLICY_DESC&amp;quot;:&amp;quot;blocked according to company policy&amp;quot;,&amp;quot;CP_SCRUB_FILE_STATUS_BLOCKED_BY_POLICY&amp;quot;:&amp;quot;File is blocked for download according to company policy&amp;quot;};
		
		for(val in obj)
			this.strings[val] = obj[val];
			
		obj = [&amp;quot;en&amp;quot;];
		
		for(val in obj)
		{
			this.browserLangs[val] = obj[val].split(&amp;apos;;&amp;apos;)[0];
		}
	}

	this.getStr = function(stringId)
	{
		return this.strings[stringId];
	}
	
	this.selectLanguage = function(languageArray)
	{
		for(lang in this.browserLangs)
		{
			if(languageArray[this.browserLangs[lang]] === true)
				return this.browserLangs[lang];
				
			if(languageArray[this.browserLangs[lang].substring(0, 2)] === true)
				return this.browserLangs[lang].substring(0, 2);
		}
		
		//If nothing succeeded, return the default.
		return &amp;quot;en&amp;quot;;
	}
	
	this.reloadLanguageTo = function(lang, fallbackLang, callback)
	{
		var requestData = {};
		
		requestData.lang = lang;
		requestData.fallbackLang = fallbackLang;

		var sAbsoluteURL = PORTAL_IS.TOOLS.getURL(&amp;quot;data/GetTranslationData&amp;quot;);
	
		sendAsynchronousRequest(sAbsoluteURL,
								flattenObject(requestData),
								this.asyncReloadLangHandler,
								this,
								[callback]);
	}
	
	this.asyncReloadLangHandler = function(xhrStatus, xhrResponse, callback)
	{
		if (xhrStatus != 200)
		{
			DEBUG.out(&amp;apos;Retreiving translation data failed. (&amp;apos;+xhrStatus+&amp;apos;)&amp;apos;, DEBUG.ERROR);
			return;
		}
		
		var obj = JSON.parse(xhrResponse);
		this.strings = null; //Ensure removing of old values.
		this.strings = new Array();
		
		for(val in obj)
			this.strings[val] = obj[val];
			
		callback();
	}
}
//=============================================================================================

//Localization object.
L10N_Obj = new __L10N();
L10N_Obj.init();
PORTAL_IS.L10N.L10N_Obj = L10N_Obj;

/*
________________________________________________________________________________________________________________________

PORTAL IS - ESSENTIALS INCLUSION - END
========================================================================================================================
*/
			var noJSCrypto = &amp;quot;true&amp;quot;;
		nullnull
			

// Create namespace
window.UserCheck = {};
window.UserCheck.tools = {};

// =======================================================================================
function parseSender(value)
{
	return value.address;
}
// =======================================================================================


// =======================================================================================
// Render recipient list from and array.
// String[] recipientsArr   - Array of recipients.
// [int ellipsisLimit]      - A string beyond this length will be cut and added ellipsis. Optional, default is 0 - no ellipsis.
// [bool useLinebreakes]    - Should a line break be added after each recipient. Optional, default is true.
function recipientsArr2StrInTable(recipientsArr, ellipsisLimit, useLinebreakes)
{
    if (ellipsisLimit == undefined)
    {
        ellipsisLimit = 0;
    }

    if (useLinebreakes == undefined)
    {
        useEllipsis = true;
    }

	var recipientsList = &amp;quot;&amp;quot;;

	for (var i=0; i&amp;lt;recipientsArr.length; i++)
	{
		recipientsList += HTMLEncode(recipientsArr[i].address);
		if (i &amp;lt; recipientsArr.length-1)
		{
			recipientsList += &amp;quot;, &amp;quot;;
			if (useLinebreakes)
			{
			    recipientsList += &amp;quot;&amp;lt;br&amp;gt;&amp;quot;;
            }
		}
	}

	if (ellipsisLimit &amp;gt; 0)
	{
	    //recipientsList = Ext.util.Format.ellipsis(recipientsList, ellipsisLimit);
	    recipientsList = recipientsList;
    }

	return recipientsList;
}
// =======================================================================================


// =======================================================================================
// Render recipient list from and array.
// Sender sender            - The sender data.
// [int ellipsisLimit]      - A string beyond this length will be cut and added ellipsis. Optional, default is 0 - no ellipsis.
// [bool useLinebreakes]    - Should a line break be added after each recipient. Optional, default is true.
function getSenderName(sender, ellipsisLimit)
{
    var output = &amp;quot;&amp;quot;;

    if (ellipsisLimit == undefined)
    {
        ellipsisLimit = 0;
    }

    if (sender.name.empty())
    {
        output = sender.address;
    }
    else
    {
        output = sender.name;
    }

//	if (ellipsisLimit &amp;gt; 0)
//	{
//	    output = Ext.util.Format.ellipsis(output, ellipsisLimit);
//    }

	 return output;
}
// =======================================================================================


// =======================================================================================
// Render recipient list from and array.
// String sender            - The subject string.
// [int ellipsisLimit]      - A string beyond this length will be cut and added ellipsis. Optional, default is 0 - no ellipsis.
// [bool useLinebreakes]    - Should a line break be added after each recipient. Optional, default is true.
function getSubject(subject, ellipsisLimit)
{
    var output = subject;

    if (ellipsisLimit == undefined)
    {
        ellipsisLimit = 0;
    }

//	if (ellipsisLimit &amp;gt; 0)
//	{
//	    output = Ext.util.Format.ellipsis(output, ellipsisLimit);
//    }

	 return output;
}
// =======================================================================================


// =======================================================================================
// tranform recipients array to string
function recipientsArr2Str(recipientsArr,type) 
{
    var recipientsList = &amp;quot;&amp;quot;;
    var address = &amp;quot;&amp;quot;;
    var commaNeeded = false;
    for (var i=0; i&amp;lt;recipientsArr.length; i++)
    {
        if (type == recipientsArr[i].recipientType)
        {
            if (!commaNeeded)
                commaNeeded = true;
            else                                
                recipientsList += &amp;quot;, &amp;quot;;
                
            address = HTMLEncode(recipientsArr[i].address);
            if (recipientsArr[i].isExternal)
            {
                address = &amp;apos;&amp;lt;span &amp;apos; + GetDomainColor(recipientsArr[i].address)+&amp;apos; &amp;gt;&amp;apos; + address + &amp;apos;&amp;lt;/span&amp;gt;&amp;apos;
            }  
            recipientsList += address;
        }
    }

    return recipientsList;
}

// =======================================================================================
function arr2Str(arr)
{
    var str = &amp;quot;&amp;quot;;
    var commaNeeded = false;
    for (var i=0; i&amp;lt;arr.length; i++)
    {
        if (!commaNeeded)
        {
            commaNeeded = true;
        }
        else
        {
            str += &amp;quot;, &amp;quot;;
        }
        str += arr[i];
    }

    return str;
}

function GetDomainColor(str)
{
    // var highlightColors = new Array(&amp;quot;FFFF00&amp;quot;,&amp;quot;00FF00&amp;quot;,&amp;quot;00FFFF&amp;quot;,&amp;quot;FF00FF&amp;quot;,&amp;quot;FF0000&amp;quot;,&amp;quot;FFFF99&amp;quot;,&amp;quot;99FF99&amp;quot;,&amp;quot;CCFFFF&amp;quot;,&amp;quot;FFCCFF&amp;quot;, &amp;quot;FF9999&amp;quot;)
	var highlightColors = new Array(&amp;quot;FFFF00&amp;quot;,&amp;quot;FF00FF&amp;quot;,&amp;quot;FF0000&amp;quot;,&amp;quot;FFBB00&amp;quot;,&amp;quot;FF9999&amp;quot;);
    domainName = GetDomainName(str);
    if (domainName==null) return null;

    hash=0;
    for (i=0; i&amp;lt;domainName.length; i++)
    {
        hash += domainName.charCodeAt(i);
    }
    hash = hash % (highlightColors.length);
    return &amp;apos;style=&amp;quot;background-color: #&amp;apos; + highlightColors[hash] + &amp;apos;; text-decoration: underline;&amp;quot;&amp;apos;;
}

/*
// =======================================================================================
UserCheck.tools.clearContainer = function(containerId)
{
    DEBUG.out(&amp;quot;Clear container: &amp;quot;+containerId);
	var container = Ext.getCmp(containerId);
    if ((container) &amp;amp;&amp;amp; (container.items))
    {
        container.items.each(
            function(item)
            {
             container.remove(item, true);
            }
        );
    }
}
// =======================================================================================
*/

// Override poral_is error handler.
//=============================================================================================
window.genericTimeoutHandler = function(portalException)
{
	DEBUG.out(&amp;quot;UserCheck::genericTimeoutHandler.&amp;quot;);

	if ((portalException == undefined) || (portalException == null))
	{
		portalException = new PortalException();
	}
	
	// Assign action to the Ok button.
	// The event is added in order to get the exception, if it is set, that is set as the error message OK button attribute. see showPortalErrorMessage
	postErrorHandler = function(event)
	{
		// Check if redirected due to timeout.
		if (getCookie(&amp;quot;isRedirectedDueTimeout&amp;quot;) == &amp;quot;1&amp;quot;)
		{
			// Delete the cookie to allow future errors.
			setCookie(&amp;quot;isRedirectedDueTimeout&amp;quot;, &amp;quot;0&amp;quot;, 0);

			// TODO: Redirect to error page.
			return;
		}

		// Set cookie in order to prevent error loops.
		setCookie(&amp;quot;isRedirectedDueTimeout&amp;quot;, &amp;quot;1&amp;quot;, 5*60);

		genericPostErrorHandler(event);

		// Reload the page.
		document.location.href=document.location.href;
	}

	// TODO: Get message from resource bundle.
	//var errMsg = &amp;quot;Your session has expired or timed out.\nYou will be redirected to the login page.\n\n&amp;quot;;
	showPortalErrorMessage(portalException, postErrorHandler, true);
}
//=============================================================================================



//=============================================================================================
window.genericErrorHandler = function(portalException, callback)
{
	DEBUG.out(&amp;quot;UserCheck::genericErrorHandler.&amp;quot;);
	if ((portalException == undefined) || (portalException == null))
	{
		portalException = new PortalException();
	}

	if (isNothingness(callback))
	{
		callback = new Callback();
	}

	// Assign action to the Ok button.
	// The event is added in order to get the exception, if it is set, that is set as the error message OK button attribute. see showPortalErrorMessage
	postErrorHandler = function(event)
	{
		genericPostErrorHandler(event);
        callback.call();
		// No reload of the page.
	}

	showPortalErrorMessage(portalException, postErrorHandler, true);
	return true; // This is required for the execption to stop from being passed to the browser.
}
//=============================================================================================



//=============================================================================================
window.genericPostErrorHandler = function(event)
{
	DEBUG.out(&amp;quot;UserCheck::genericPostErrorHandler.&amp;quot;);
	// Just hide the error.
	hidePortalErrorMessage();
}
//=============================================================================================

//=============================================================================================
UserCheck.tools.sendErrorReport = function(userDesc, callback)
{
	DEBUG.out(&amp;quot;UserCheck.tools.sendErrorReport in.&amp;quot;);

    var sAbsoluteURL = getURL(&amp;quot;data/submitErrorReport&amp;quot;);
    var report = encodeURIComponent(DEBUG.compileErrorReport());
    var userDesc = encodeURIComponent(userDesc);

	var sendErrorReportCallback = new Callback();
	sendErrorReportCallback.methodReference = UserCheck.tools.handleErrorReportResponse;
	sendErrorReportCallback.args.push(callback);

	// Send report with no error handlers.
	PORTAL_IS.AJAX_MGR.sendAsyncReq(sAbsoluteURL, &amp;quot;report=&amp;quot;+report+&amp;quot;&amp;amp;userDesc=&amp;quot;+userDesc, sendErrorReportCallback, null, null, &amp;quot;Sending of error report failed.&amp;quot;);	

	// Set error flag.
	PORTAL_IS.TOOLS.errorMsgShown = false;	
}
//=============================================================================================

//=============================================================================================
UserCheck.tools.handleErrorReportResponse = function(xhrStatus, xhrResponse, callback)
{
	DEBUG.out(&amp;quot;UserCheck.tools.handleErrorReportResponse in.&amp;quot;);

	// Set error flag.
	PORTAL_IS.TOOLS.errorMsgShown = false;

	if (isNothingness(callback))
	{
		callback = new Callback();
	}

	if (xhrStatus != 200)
	{
		// TODO: Handle error.
		DEBUG.out(&amp;apos;Submitting error report failed. (&amp;apos;+xhrStatus+&amp;apos;)&amp;apos;, DEBUG.ERROR);
		callback.call();
		showPortalMessage(&amp;quot;Sending of error report failed.&amp;quot;);
		return;
	}

	callback.call();
	
	showPortalMessage(&amp;quot;Error report was sent successfully.\nThank you for your support.&amp;quot;, null, UserCheck.MESSAGE_TYPE.Confirmation);
}
//=============================================================================================

//=============================================================================================
UserCheck.tools.showErrorReport = function(callback)
{
	DEBUG.out(&amp;quot;UserCheck.tools.showErrorReport in.&amp;quot;);

	// Create new callback with send report and store previous callback in it.
	submitCallback = new Callback();
	submitCallback.methodReference 	= DEBUG.sendErrorReport;
	submitCallback.args = [callback];

	// Create new callback for cancel.
	cancelCallback = new Callback();
	cancelCallback.methodReference 	= function()
	{
		// Clear error flag. 
		PORTAL_IS.TOOLS.errorMsgShown = false;
		callback.call();
	};

    // Hide any opened boxes.
    PORTAL_IS.TOOLS.hideGeneralContainer();
    PORTAL_IS.TOOLS.hideDialog();
    hidePortalMessage();
    hidePortalErrorMessage();

 	PORTAL_IS.TOOLS.showDialog(	&amp;quot;Please describe the encountered problem in the text box below.&amp;quot;,
 							&amp;quot;NOTICE: The report might include personal information from your mail items.\nThe report will not include your credentials.&amp;quot;,
 							&amp;quot;I was trying to (e.g. review an email):\n\nWork flow which led to this error (e.g. access via email link):\n\nI am unable to:&amp;quot;,
 							&amp;quot;Report an error&amp;quot;,
 							submitCallback, cancelCallback, null, null, null, null, true);

	// Set error flag. 
	PORTAL_IS.TOOLS.errorMsgShown = true;
}
//=============================================================================================


//=============================================================================================


//=============================================================================================

DEBUG.showErrorReport = UserCheck.tools.showErrorReport;
DEBUG.sendErrorReport = UserCheck.tools.sendErrorReport;

UserCheck.tools.oTimeoutManager =
{
	timerID: -1,
	startTimeoutTimer: function(duration, callback)
	{
		var milisecs = duration * 1000;
        if (milisecs &amp;gt; 2147483646)
        {

            milisecs = 2147483646;

        }
		DEBUG.out(&amp;quot;UserCheck.tools.TimeoutManager: Starting timer for &amp;quot; + duration + &amp;quot; seconds.&amp;quot;);
		window.TimeoutManagerCallback = callback;
		this.timerID = setTimeout(&amp;quot;this.TimeoutManagerCallback();&amp;quot;, milisecs);
	},
	stopTimeoutTimer: function()
	{
		clearTimeout(timerID);
		timerID = -1;
	}
};

UserCheck.DataObj = {};

// TODO: This should be defined as an &amp;quot;interface&amp;quot; class and other view managers should implement it.

// UC&amp;apos;s view manager.
window.UCViewManager = function()
{
	this.lastRenderedCustomContentContainers = new Array();
	this.defaultContainer = &amp;apos;portal_main_view&amp;apos;;
	this.ignoreHashChange = false;
    this.wait = null;
    this.requestParams = null;

	// Hash to view mapping, enables us to set display another value than the actual view name.
	//==================================================================================================================
	this.hashViewMap = new Array();
	//   		      Hash name									View name
	//__________________________________________________________________________________________________________________
	this.hashViewMap[&amp;quot;UserAction&amp;quot;]								=	&amp;quot;UserAction&amp;quot;;
	this.hashViewMap[&amp;quot;MainWithMenuView&amp;quot;]					=	&amp;quot;MainWithMenuView&amp;quot;;
	this.hashViewMap[&amp;quot;Menu&amp;quot;]								=	&amp;quot;Menu&amp;quot;;
	this.hashViewMap[&amp;quot;Logout&amp;quot;]								=	&amp;quot;Logout&amp;quot;;
	this.hashViewMap[&amp;quot;MainView&amp;quot;]							=	&amp;quot;MainView&amp;quot;;
	this.hashViewMap[&amp;quot;Error&amp;quot;]								=	&amp;quot;Error&amp;quot;;

	// Get View name from Hash name.
	this.hash2View = function(hash)
	{
		var view = this.hashViewMap[hash];

		if (isNothingness(view))
		{
			view = &amp;quot;UserAction&amp;quot;;
		}
		return view;
	}

	// Get Hash name from View name.
	this.view2Hash = function(view)
	{
		var hash = &amp;quot;UserAction&amp;quot;;
		for (key in this.hashViewMap)
		{
			if (this.hashViewMap[key] == view)
			{
				var hash = key;
			}
		}
		return hash;
	}
	//==================================================================================================================

    // Initialize view manager.
	//=============================================================================================
	this.init = function()
	{
		DEBUG.out(&amp;quot;UCViewManager::init&amp;quot;);

		// Bind history change handler.
		$(window).bind(&amp;apos;hashchange&amp;apos;, viewManager.handleHistoryChange);

        // Check address bar&amp;apos;s hash and set desired view if exists.
		var desiredView = this.parseHash().view;
		if (isNothingness(desiredView))
		{
			desiredView = &amp;quot;&amp;quot;;
		}

		DEBUG.out(&amp;quot;UCViewManager::init, desired view: [&amp;quot; + desiredView + &amp;quot;]&amp;quot;);
		this.gotoNextView(desiredView);
	}
	//=============================================================================================



    // Handle history changes (back/reload).
    // Overriding default handling.
	//=============================================================================================
	this.handleHistoryChange = function(e, ui)
	{	
		// In some cases the hash is changed and no view load is required, checking if so.
		if (!viewManager.ignoreHashChange &amp;amp;&amp;amp; ui != undefined)
		{
			// Parse view from hash.
			var desiredView = viewManager.parseHash().view;
			DEBUG.out(&amp;quot;UCViewManager::handleHistoryChange, desired view:&amp;quot; + desiredView);
			viewManager.gotoNextView(desiredView);
		}
		else
		{
			DEBUG.out(&amp;quot;UCViewManager::handleHistoryChange, hash changed ignored.&amp;quot;);	
		}

		// Reset the ignore flag.
        viewManager.ignoreHashChange = false;
	}
	//=============================================================================================


	// Queries the server for next desired view and than call for rendering it.
	// Will call upon callback when done rendering the view.
	//=============================================================================================
	this.gotoNextView = function(requestedView, callback)
	{
    	DEBUG.out(&amp;quot;UCViewManager::gotoNextView&amp;quot;);

    	if (isNothingness(callback))
    	{
    	    callback = new Callback();
		}

        // Check what is the next view.
        var sAbsoluteURL 	= PORTAL_IS.TOOLS.getURL(&amp;quot;GetNextView&amp;quot;);
		var parameters 		= (isNothingness(requestedView)) ? (&amp;quot;&amp;quot;) : (&amp;quot;requestedView=&amp;quot; + encodeURIComponent(requestedView));

		var gotoNextViewCallback = new Callback();
			gotoNextViewCallback.methodReference    = this.handleGotoNextViewRequest;
			gotoNextViewCallback.thisArgument       = this;
			gotoNextViewCallback.args               = [callback];

        PORTAL_IS.AJAX_MGR.sendAsyncReq(sAbsoluteURL, parameters, gotoNextViewCallback);
	}
	//=============================================================================================


	// Handle next view query.
	//=============================================================================================
	this.handleGotoNextViewRequest = function(xhrStatus, xhrResponse, callback)
	{
		DEBUG.out(&amp;quot;UCViewManager::handleGotoNextViewRequest&amp;quot;);

		if (isNothingness(callback))
    	{
    	    callback = new Callback();
		}

		if (xhrStatus != 200)
		{
			DEBUG.out(&amp;apos;Retreiving next view failed. (&amp;apos;+xhrStatus+&amp;apos;)&amp;apos;, DEBUG.ERROR);
			callback.call();
			return;
		}

		var nextViewJSONObj = JSON.parse(xhrResponse);
        var nextView = nextViewJSONObj.view;
		DEBUG.out(&amp;quot;UCViewManager::handleGotoNextViewRequest, next view:&amp;quot; + nextView);

		// Extract the data (request params) from hash and relay it onto next hash.
		// As hash changing handler will be passed back to this method we set the Ignore flag to TRUE
		// and call for the gotoView method.
		viewManager.changeHash(nextView, viewManager.parseHash().data, true);

		viewManager.gotoView(nextView, callback);
	}
	//=============================================================================================


	// Get view contents (CSS, JS and HTML).
	// Will call upon callback when done rendering the view.
	//=============================================================================================
	this.gotoView = function(view, callback)
	{
        DEBUG.out(&amp;quot;UCViewManager::gotoView view: [&amp;quot;+view+&amp;quot;]&amp;quot;);

        if (callback == undefined)
    	{
    	    callback = new Callback();
		}

		var hash = this.parseHash().view;
		var parameters = (hash == &amp;quot;&amp;quot;) ? (&amp;quot;view=&amp;quot;+encodeURIComponent(hash)) : ( &amp;quot;requestedView=&amp;quot; + encodeURIComponent(view) + &amp;quot;&amp;amp;view=&amp;quot;+encodeURIComponent(hash) );

		sendAsynchronousRequest(PORTAL_IS.TOOLS.getURL(&amp;quot;viewManager/GetViewData&amp;quot;),
								parameters,
								this.handleNewView,
								this,
								[callback]);
	}
	//=============================================================================================


    // Handle new view rendering.
	//=============================================================================================
	this.handleNewView = function(xhrStatus, xhrResponse, callback)
	{
		if (callback == undefined)
    	{
    	    callback = new Callback();
		}

		if (xhrStatus != 200)
		{
			// TODO: Handle error.
			DEBUG.out(&amp;apos;Retreiving view failed. (&amp;apos;+xhrStatus+&amp;apos;)&amp;apos;, DEBUG.ERROR);
			callback.call();
			return;
		}

		var newViewJSONObj = JSON.parse(xhrResponse);
        var newView = newViewJSONObj.view;
		DEBUG.out(&amp;quot;UCViewManager::handleNewView, Parsed from JSON - view:&amp;quot; + newView);


		var useDefaultContainerId   = true;
		var requiredContainerId     = &amp;quot;&amp;quot;;
		var requiredView            = &amp;quot;&amp;quot;;
		var requireSecureConnection = false;

		switch (newView)
		{
			default: // View will be rendered into main page view.
				useDefaultContainerId   = true;
				requiredContainerId     = this.defaultContainer;
			break;
		}

		// Check if in https, redirect if not.
		if ((requireSecureConnection) &amp;amp;&amp;amp; (location.protocol.toLowerCase() == &amp;apos;http:&amp;apos;))
		{			
			newLocation = location.href.replace(/http:/i, &amp;quot;https:&amp;quot;);
			location.href = newLocation;
			return;
		}

		var containerId = this.defaultContainer;
		if (!useDefaultContainerId)
		{
			containerId = requiredContainerId;
		}

		//var container = Ext.getCmp(containerId);
		var container = document.getElementById(containerId);

        if (container != undefined)
		{

			DEBUG.out(&amp;apos;Render new view (&amp;apos;+newViewJSONObj.view+&amp;apos;) into [&amp;apos; + (useDefaultContainerId ? &amp;quot;DefaultContainer&amp;quot; : requiredContainerId) + &amp;quot;].&amp;quot;);

			// Render CSS. - Not needed, all CSS loads from one blob file.
			//evaluateCSS(newViewJSONObj.css, &amp;quot;&amp;quot;);

			// Clear existing content.
			container.innerHTML = &amp;quot;&amp;quot;;

			// If the html content is not empty, render it into a new pane.
			container.innerHTML = newViewJSONObj.html;

			// Render JavaScript Content.
			evaluateJavaScript(newViewJSONObj.javascript);

		}
		else if (requiredContainerId == this.defaultContainer)
		{

			DEBUG.out(&amp;apos;Default view is missing and will be rendered...&amp;apos;);
			this.renderDefaultView();
			this.handleNewView(xhrStatus, xhrResponse, callback);

		}
		else // The container is not present and needs to be rendered first.
		{

			DEBUG.out(&amp;apos;Required view (&amp;apos;+requiredContainerId+&amp;apos;) is missing and needs to be rendered first.&amp;apos;);

			// Set the previous view results in a callback, it will be called when finished rendering of the login sequence page.
			var requiredViewCallback = new Callback();
			requiredViewCallback.methodReference    = this.handleNewView;
			requiredViewCallback.thisArgument       = this;
			requiredViewCallback.args               = [200, xhrResponse]; // Set fake status and response.

			// Request specific view.
			this.gotoView(requiredView, requiredViewCallback);

		}

		// TODO: detect loops.


		// Done here, call the callback.
		//this.wait.hide();
        callback.call();
	}
	//=============================================================================================






	// CUSTOM CONTENT RELATED METHODS
	// _________________________________________________________________________________________________________________

	// Get the view&amp;apos;s custom Content.
	//=============================================================================================
	this.getViewCustomContent = function(view)
	{
		this.clearLastCustomContent();

		var sAbsoluteURL = PORTAL_IS.TOOLS.getURL(&amp;quot;JSONViewData/GetViewCustomContent&amp;quot;);
		sendAsynchronousRequest(sAbsoluteURL,
								&amp;quot;view=&amp;quot;+view,
								this.renderCustomContent,
								this,
								[]);
	}
	//=============================================================================================


	// Render the custom content.
	//=============================================================================================
	this.renderCustomContent = function(xhrStatus, xhrResponse, callbackObj)
	{
		DEBUG.out(&amp;apos;Render custom content.&amp;apos;);
		callback = new Callback(callbackObj);

		if (xhrStatus != 200)
		{
			// TODO: Handle error.
			DEBUG.out(&amp;apos;Retreiving custom content failed. (&amp;apos;+xhrStatus+&amp;apos;)&amp;apos;, DEBUG.ERROR);
			callback.call();
			return;
		}

		// The container Id is: &amp;quot;CustomContent_&amp;lt;VIEW NAME&amp;gt;_&amp;lt;RESOURCE KEY&amp;gt;&amp;quot;.
		// For example: the &amp;quot;ISW&amp;quot; view and the resource key of &amp;quot;top&amp;quot; will be rendered into &amp;quot;CustomContent_ISW_top&amp;quot;.

		var newCustomContentJSONObj = JSON.parse(xhrResponse);
        var keyArr  = newCustomContentJSONObj.keyArr;
        var view    = newCustomContentJSONObj.view

		// Override view.
		switch (view)
		{
			case &amp;quot;ICS&amp;quot;:                 // No brake, group these views.
			case &amp;quot;Authentication&amp;quot;:
			case &amp;quot;ISW&amp;quot;:
			case &amp;quot;MultiChallenge&amp;quot;:
			case &amp;quot;IswEntry&amp;quot;:
				var usedView = &amp;quot;LoginSequencePage&amp;quot;;
			break;

			default:
				var usedView = view;
			break;
		}

        // Iterate on each of the custom content object.
        var customContent, containerId, key;
        //for (var key in keyMap)
        for (var i=0; i&amp;lt;keyArr.length; i++)
		{
			key = keyArr[i][0];
			customContent = keyArr[i][1];
			containerId = &amp;quot;CustomContent_&amp;quot;+usedView+&amp;quot;_&amp;quot;+key;
			DEBUG.out(&amp;apos;Render custom content: usedView:[&amp;apos;+usedView+&amp;quot;] into:[&amp;quot;+containerId+&amp;quot;]&amp;quot;);
            this.evaluateCustomContent(customContent, containerId);
            this.lastRenderedCustomContentContainers.push(containerId);
		}

		// Call the callback.
		callback.call();
	}

    // Encapsulate conditional rendering of the custom content.
	this.evaluateCustomContent = function(customContent, containerId)
	{
		destinationRef = document.getElementById(containerId);
		if ( (destinationRef != null) &amp;amp;&amp;amp; (destinationRef != undefined) )
		{
			evaluateHTMLContent(customContent, destinationRef);
		}
	}
	//=============================================================================================


	// Clear last rendered containers.
	//=============================================================================================
	this.clearLastCustomContent = function()
	{
		for (var containerIndex in this.lastRenderedCustomContentContainers)
		{
			this.evaluateCustomContent(&amp;quot;&amp;amp;nbsp;&amp;quot;, this.lastRenderedCustomContentContainers[containerIndex]);
		}

		this.lastRenderedCustomContentContainers = new Array();
	}
    //=============================================================================================

	// Render default view.
    //=============================================================================================
    this.renderDefaultView = function()
    {}
	//==================================================================================================================

	//==================================================================================================================
	this.logoutButtonHandler = function()
    {}
    //==================================================================================================================





    // DEPRECATED METHODS
	// _________________________________________________________________________________________________________________

	// DEPRECATED, use viewManager.gotoNextView instead.
	//==================================================================================================================
	this.gotoNextState = function(callback)
	{
		this.gotoNextView(null, callback);
		return;
    }
	//==================================================================================================================
}

// Extend ViewManager (Portal IS).
UCViewManager.prototype = new ViewManager();
window.viewManager = new UCViewManager();

        Check Point UserChecknull  
												Send error report											
												OK											
								 
							
								 
							null
								 
							
								 
							
										OK									
										BUTTON.YES									
										BUTTON.NO									
										BUTTON.SUBMIT									
										Cancel									
								 
							
								 
							  nullnull        null

	//Continue the background image on IE6-7 graphics design.
	if(window.browserDetails.browserType == window.BrowserType.IE &amp;amp;&amp;amp; window.browserDetails.browserVersion &amp;lt;= 7 &amp;amp;&amp;amp; (document.documentMode === undefined || document.documentMode &amp;lt;= 7))
	{
		var footer_td = document.getElementById(&amp;apos;usercheck_footer_td&amp;apos;);
		footer_td.setAttribute(&amp;quot;className&amp;quot;, footer_td.getAttribute(&amp;quot;className&amp;quot;) + &amp;quot; usercheck_main_background_class&amp;quot;);
	}
	
		UserCheck.DataObj.IID = &amp;quot;EF889A7C-47A0-2115-B0FE-CA97E05C8013&amp;quot;;
	
	UserCheck.DataObj.frame = 0;
	

	/*this is a common object for PortalMain and PortalMainDlp. functions here should be empty */
window.UserActionCommon = function()
{
	this.DlpHttpLearning = function(adminMessage,HttpLearningEnabled)
	{

	}
	this.DlpHideCancelBtn = function(action)
	{
	
	}
}

window.oUserActionCommon = new window.UserActionCommon();


var g_userID = &amp;quot;&amp;quot;;
var g_refreshFiles = false;
var g_BlockSendMail = false;

//Toggles the button&amp;apos;s state from enabled to disabled and vice versa.
setButtonMode = function(buttonState, buttonID)
{
     var button = document.getElementById(buttonID);
    if(button == null)
        return;

     var correctClass = window.oUserAction.getCorrectClass();
     if(buttonState)
                {
                 //Enable the button.
                 button.setAttribute(correctClass, &amp;quot;button&amp;quot;);
                 button.onclick = function(){ javascript:oUserAction.submitOK(); };
                 button.style.cursor = &amp;quot;pointer&amp;quot;;
                }
                else
                {
                  //Disable the button.
                  button.setAttribute(correctClass, &amp;quot;button buttonDisabled&amp;quot;);
                  button.onclick = null;
                  button.style.cursor = &amp;quot;default&amp;quot;;
                }
}

window.UserAction = function()
{
	this.incidentObject = {};
	this.textAreaText = &amp;quot;&amp;quot;;
	
	this.getCorrectClass = function()
	{
		var correctClass = &amp;quot;class&amp;quot;;
		
		//Choose the correct class attribute name (in IE6-7 we need &amp;quot;className&amp;quot; instead of &amp;quot;class&amp;quot;) according to IE version - but check for compatibility first!
		if(window.browserDetails.browserType == window.BrowserType.IE &amp;amp;&amp;amp; window.browserDetails.browserVersion &amp;lt;= 7 &amp;amp;&amp;amp; document.documentMode === undefined)
		{
			correctClass = &amp;quot;className&amp;quot;;
		}
		
		return correctClass;
	}

	// Initialize.
	//=============================================================================================
	this.init = function(cancelPage)
	{
		if(window.browserDetails.browserType == window.BrowserType.IE &amp;amp;&amp;amp; window.browserDetails.browserVersion &amp;lt;= 7 &amp;amp;&amp;amp; document.documentMode === undefined)
		{
			document.getElementById(&amp;apos;usercheck_main_div&amp;apos;).innerHTML = &amp;quot;&amp;lt;h3&amp;gt;&amp;quot; + PORTAL_IS.L10N.L10N_Obj.getStr(&amp;quot;IE6_MESSAGE1&amp;quot;) + &amp;quot;&amp;lt;/h3&amp;gt;&amp;lt;p&amp;gt;&amp;quot;+ PORTAL_IS.L10N.L10N_Obj.getStr(&amp;quot;IE6_MESSAGE2&amp;quot;) + &amp;quot;&amp;lt;/p&amp;gt;&amp;quot;;
			return;
		}
		if (typeof cancelPage == &amp;apos;undefined&amp;apos;)
		{
			cancelPage = false;
		}
		var requestData = 	{
			                	IID: &amp;quot;-1&amp;quot;,
								UserID: &amp;quot;&amp;quot;,
								IsThinPortal: false,
								UserLang: &amp;quot;&amp;quot;,
								GetCancelPage: cancelPage
							};
		
		requestData.IID = UserCheck.DataObj.IID;
		
		var cookie = getCookie(&amp;apos;UserCheck_UserID&amp;apos;);
		requestData.UserID = cookie != null ? cookie : &amp;quot;&amp;quot;;
		
		requestData.IsThinPortal = window.isThinPortal === true ? true : false;
		
		var selectedLanguage = getCookie(&amp;apos;UserCheck_Selected_Language&amp;apos;);
		if(selectedLanguage == null)
		{
			selectedLanguage = &amp;quot;&amp;quot;;
		}
		requestData.UserLang = selectedLanguage;
		
		var sAbsoluteURL = PORTAL_IS.TOOLS.getURL(&amp;quot;data/GetUserCheckIncidentData&amp;quot;);
		
		if (window.isThinPortal === true)
		{
			//Create a custom timeout handler for the thin portal.
			PORTAL_IS.AJAX_MGR.customTimeoutHandler = function()
			{
				window.location = &amp;quot;about:blank&amp;quot;;
			}
		}
		
		sendAsynchronousRequest(sAbsoluteURL,
								flattenObject(requestData),
								this.handleUserCheckIncidentData,
								this,
								[new Callback()]);
	}
	
	//Changes the button CSS class (support for IE6-8). buttonCLS is for additional classes to be added to the button.
	this.setButtonState = function(state, buttonID, buttonCLS)
	{
		if (!buttonID)
		{
			buttonID = &amp;apos;UserCheck_OK_Button&amp;apos;;
			buttonCLS = &amp;apos;&amp;apos;;
		}
		
		var correctClass = window.oUserAction.getCorrectClass();
	
		var button = document.getElementById(buttonID);
		
		if(button.getAttribute(correctClass).indexOf(&amp;quot;Disabled&amp;quot;) == -1)
		{
			//The button is not disabled.			
			button.setAttribute(correctClass, &amp;quot;button button&amp;quot; + state + &amp;quot; &amp;quot; + buttonCLS);
		}
	}

    //Changes the button CSS class (support for IE6-8). buttonCLS is for additional classes to be added to the button.
	this.setSendButtonState = function(state, buttonID, buttonCLS)
	{
		if (!buttonID)
		{
			buttonID = &amp;apos;UserCheck_OK_Button&amp;apos;;
			buttonCLS = &amp;apos;&amp;apos;;
		}
        
		var correctClass = window.oUserAction.getCorrectClass();
	
		var button = document.getElementById(buttonID);
        
		if(button.getAttribute(correctClass).indexOf(&amp;quot;Disabled&amp;quot;) == -1)
		{
			//The button is not disabled.			
			button.setAttribute(correctClass, buttonCLS);
		}
	}
	
	this.handleUserCheckIncidentData = function(xhrStatus, xhrResponse, callback)
	{
		DEBUG.out(&amp;quot;UserAction::handleUserCheckIncidentData&amp;quot;);

		if (callback == undefined)
    	{
    	    callback = new Callback();
		}
		
		if (xhrStatus != 200)
		{
			DEBUG.out(&amp;apos;Retreiving UserCheck Incident Data failed. (&amp;apos;+xhrStatus+&amp;apos;)&amp;apos;, DEBUG.ERROR);
			callback.call();
			return;
		}
		
		this.incidentObject = JSON.parse(xhrResponse);
		var Languages = this.incidentObject.Languages;
		var UserCheckLogoID = this.incidentObject.UserCheckLogoID;
		var RedirectToAddr = this.incidentObject.RedirectToAddr;
		var AutoRedirect = this.incidentObject.AutoRedirect;
		var ExternalSystemURL = this.incidentObject.ExternalSystemURL;
		var Action = this.incidentObject.Action;
		var Variables = this.incidentObject.Variables;
		
		this.incidentObject.HasBeenCancelled = false;
		
		setCookie(&amp;apos;UserCheck_UserID&amp;apos;, this.incidentObject.UserID, 31556926);

		if (Variables[&amp;apos;product&amp;apos;] != &amp;apos;Threat Extraction&amp;apos;)
		{
		  if(AutoRedirect == true &amp;amp;&amp;amp; RedirectToAddr != &amp;quot;&amp;quot;)
		  {
			  if (window.isThinPortal === undefined)
			  {
			  //We have an address and auto redirect is true so redirect to that URL.
				  // if (RedirectToAddr.indexOf(&amp;apos;http://&amp;apos;) != 0)
				  if ((RedirectToAddr.indexOf(&amp;apos;http://&amp;apos;) != 0)  &amp;amp;&amp;amp;(RedirectToAddr.indexOf(&amp;apos;https://&amp;apos;) != 0))
					  RedirectToAddr = &amp;quot;http://&amp;quot; + RedirectToAddr;
  
			  window.location = RedirectToAddr;
			  }
			  else
				  window.location = &amp;quot;about:blank&amp;quot;; //No reason to redirect in the Thin Portal
		  }
		}
		else
		{
			if (Action == &amp;quot;SCRUB-SUCCESS&amp;quot;)
			{
				// in scrub success page, if not mobile or thin, give more space for the list of original files names and info
				if(window.browserDetails.isMobile() === false &amp;amp;&amp;amp; window.isThinPortal === undefined)
				{
					var content_table = document.getElementById(&amp;quot;usercheck_content_table&amp;quot;);
					if (content_table != null)
					{
						content_table.style.tableLayout=&amp;quot;auto&amp;quot;;
					}
					
					var message_div = document.getElementById(&amp;quot;usercheck_main_div&amp;quot;);
					if (message_div != null)
					{
						message_div.style.minWidth=&amp;quot;auto&amp;quot;;
						message_div.style.maxWidth=&amp;quot;1000px&amp;quot;;
						message_div.style.wordWrap=&amp;quot;normal&amp;quot;;
						message_div.style.overflow=&amp;quot;auto&amp;quot;;
					}
				}
				
				var requestData = 	{
							IID: &amp;quot;-1&amp;quot;
						};
				requestData.IID = UserCheck.DataObj.IID;
				var sAbsoluteURL = PORTAL_IS.TOOLS.getURL(&amp;quot;data/GetScrubFiles&amp;quot;);
				sendAsynchronousRequest(sAbsoluteURL,
						flattenObject(requestData),
						this.handleScrubbingFiles,
						this,
						[new Callback()]);
			}
		}
			
		if(ExternalSystemURL != &amp;quot;&amp;quot;)
			//We have an external system address so redirect to that URL.
			// window.location = ExternalSystemURL + (this.incidentObject.ForwardParams == true ? &amp;quot;?IncidentID=&amp;quot; + UserCheck.DataObj.IID + &amp;quot;&amp;amp;UserID=&amp;quot; + this.incidentObject.UserID : &amp;quot;&amp;quot;);
			if (this.incidentObject.ForwardParams == true)
			{
							window.location = ExternalSystemURL + &amp;quot;?IncidentID=&amp;quot; + UserCheck.DataObj.IID + &amp;quot;&amp;amp;UserID=&amp;quot; + this.incidentObject.UserID;
			}
			else
			{
							window.location = ExternalSystemURL;
			}


			
		this.prepareLanguageSelection();
			
		if(window.self !== window.top)
		{
			//We are inside a frame. Display small version of the portal and give link to a full version of the portal in new tab/window.
			
			var url = &amp;apos;&amp;lt;a href=&amp;quot;&amp;apos; + window.location + &amp;quot;&amp;amp;frame=1&amp;quot; + &amp;apos;&amp;quot; target=&amp;quot;_blank&amp;quot;&amp;gt;&amp;apos;;
			if (Action == &amp;quot;SCRUB-SUCCESS&amp;quot;)
			{
				Action = &amp;quot;INFORM&amp;quot;;
			}
			url += draw_img_tag(getURL(&amp;quot;img/&amp;quot; + Action.toLowerCase() + &amp;quot;.png&amp;quot;)) + &amp;apos;&amp;amp;nbsp;&amp;amp;nbsp;&amp;apos;;
			url += Action == &amp;apos;BLOCK&amp;apos; ? PORTAL_IS.L10N.L10N_Obj.getStr(&amp;quot;UC.BLOCKED_IFRAME&amp;quot;) : PORTAL_IS.L10N.L10N_Obj.getStr(&amp;quot;UC.INFO_IFRAME&amp;quot;);
			url += &amp;apos;&amp;lt;/a&amp;gt;&amp;apos;;
		
			document.body.innerHTML = url;
			document.body.style.backgroundImage = &amp;apos;none&amp;apos;;
			document.body.style.textAlign = &amp;apos;center&amp;apos;;
			document.body.style.verticalAlign = &amp;apos;text-bottom&amp;apos;;	
		}
		
		//Decide which footer to display according to the action type (for Block and Limit we display footer without CP logo).
		if(window.isThinPortal === true)
		{
			var thin_table = document.getElementById(&amp;apos;usercheck_thin_table&amp;apos;);
			if(thin_table != null &amp;amp;&amp;amp; Action != &amp;apos;BLOCK&amp;apos; &amp;amp;&amp;amp; Action != &amp;apos;LIMIT&amp;apos;)
			{
				var correctClass = window.oUserAction.getCorrectClass();
				
				thin_table.setAttribute(correctClass, &amp;quot;usercheck_main_mobile_background_class with_logo&amp;quot;);
			}
		}
		else
		{
		var logo_footer = document.getElementById(&amp;apos;footer_table_logo&amp;apos;);
		if(logo_footer != null &amp;amp;&amp;amp; Action != &amp;apos;BLOCK&amp;apos; &amp;amp;&amp;amp; Action != &amp;apos;LIMIT&amp;apos;)
		{
			var correctClass = window.oUserAction.getCorrectClass();
			
			logo_footer.setAttribute(correctClass, &amp;quot;usercheck_footer_table_class footer_logo&amp;quot;);
		}
		}
		
		if(Action == &amp;apos;BLOCK&amp;apos;){
			document.getElementById(&amp;quot;usercheck_title_div&amp;quot;).style.color = &amp;quot;#ed5552&amp;quot;;
			document.getElementById(&amp;quot;usercheck_logo_img_div&amp;quot;).style.display = &amp;quot;none&amp;quot;;
		}else{
			document.getElementById(&amp;quot;usercheck_title_div&amp;quot;).style.color = &amp;quot;#0d87cd&amp;quot;;
		}
		g_userID = this.incidentObject.UserID;
		
		if (Action == &amp;quot;SCRUB-SUCCESS&amp;quot;)
		{
			Action = &amp;quot;INFORM&amp;quot;;
		}
		//Draw incident image according to the incident type
		if(document.getElementById(&amp;apos;usercheck_img_div&amp;apos;) !== null){
			document.getElementById(&amp;apos;usercheck_img_div&amp;apos;).innerHTML = draw_img_tag(getURL(&amp;quot;img/&amp;quot; + Action.toLowerCase() + &amp;quot;.png&amp;quot;));	
		
		}
		
		if(this.incidentObject.IsLogoConfigured)
		{
			//The page has a logo defined in the GUI - load it.
			
			//Desktop header.
			var header_right_logo = document.getElementById(&amp;apos;usercheck_header_right_logo&amp;apos;);
			if(header_right_logo != null)
				if(window.browserDetails.browserType == window.BrowserType.IE &amp;amp;&amp;amp; window.browserDetails.browserVersion &amp;lt;= 7)
					header_right_logo.style.display = &amp;quot;block&amp;quot;;
				else
					header_right_logo.style.display = &amp;quot;table-cell&amp;quot;;
					
			var header_right_empty = document.getElementById(&amp;apos;usercheck_header_right_empty&amp;apos;);
			if(header_right_empty != null)
				header_right_empty.style.display = &amp;quot;none&amp;quot;;
				
			//Mobile header.
			var mobile_header = document.getElementById(&amp;apos;header_mobile_div&amp;apos;);
			if(mobile_header != null)
			{
				mobile_header.style.display = &amp;quot;block&amp;quot;;
			}
			
			//Company logo.
			var company_logo = document.getElementById(&amp;apos;usercheck_company_logo&amp;apos;);
			if(company_logo != null)
				company_logo.src = getURL(&amp;quot;images/interactions/&amp;quot; + UserCheckLogoID + &amp;quot;.png&amp;quot;);
		}
		else
		{
			 //If there is no logo defined, hide it as it will cause an error on IE
			//additionally, according to preview design the agent should not have logo in this case too
			var company_logo = document.getElementById(&amp;apos;usercheck_company_logo&amp;apos;);
			if(company_logo != null)
				company_logo.style.display = &amp;quot;none&amp;quot;;
		}
			
		//Start the timeout manager. Do not start this for TeX as its timeout is huge and will fail verification in the daemon
		if (Variables[&amp;apos;product&amp;apos;] != &amp;apos;Threat Extraction&amp;apos;)
			UserCheck.tools.oTimeoutManager.startTimeoutTimer(this.incidentObject.Expiration - 15, this.handleTimeout);
			
		if (UserCheck.DataObj.GetSingleIncidentReview !== undefined &amp;amp;&amp;amp; UserCheck.DataObj.GetSingleIncidentReview == 1)
		{
			window.singleIncident = new SingleIncident();
			singleIncident.init();
		}			
			
		callback.call();
	}
	
	this.submitOK = function()
	{
		//This function determines if it is OK to proceed with sending a response if all validation criteria are met.
	
		//If we are in a Block action in thin portal, just redirect to about:blank.
		if (window.isThinPortal === true &amp;amp;&amp;amp; window.oUserAction.incidentObject.Action === &amp;quot;BLOCK&amp;quot;)
		{
			window.location = &amp;quot;about:blank&amp;quot;;
		}
	
		if(document.getElementById(&amp;apos;UserCheck_Textual_Input&amp;apos;) != null)
			//Verify we have the real textarea!
			if(document.getElementById(&amp;apos;UserCheck_Textual_Input&amp;apos;).value !== undefined)
				//Unfocus the text-area.
				document.getElementById(&amp;apos;UserCheck_Textual_Input&amp;apos;).blur();
	
		if(!window.oUserAction.highlightInput())
			//There was some user input missing - don&amp;apos;t continue.
			return;
	
		var cookie = getCookie(&amp;apos;UserCheck_UserID&amp;apos;);
	
		var requestData = {};
		
		requestData.IID = &amp;quot;-1&amp;quot;;
		requestData.UserOption = &amp;quot;OK&amp;quot;;
		
		requestData.UserID = cookie;
		requestData.IsReasonExist = true;
		if(document.getElementById(&amp;apos;UserCheck_Textual_Input&amp;apos;) != null)
		{
			var reason = document.getElementById(&amp;apos;UserCheck_Textual_Input&amp;apos;).value;

			//If the reason box is not found, there is nothing to enforce.
			if(reason === undefined)
			{
				reason = &amp;quot;&amp;quot;;
				requestData.IsReasonExist = false;
			}
			else if(window.oUserAction.incidentObject.IsReasonEnforced === true &amp;amp;&amp;amp; (reason.length == 0 || reason.length &amp;gt; 400))
				return;
				
			requestData.Reason = reason;
		}
		else
		{
			requestData.IsReasonExist = false;
		}
		
		//Sometimes the cookie is not written correctly, so used global user.
		if(requestData.UserID == null || requestData.UserID == &amp;quot;&amp;quot;)
			requestData.UserID = g_userID;
		
		requestData.IID = UserCheck.DataObj.IID;

		var sAbsoluteURL = PORTAL_IS.TOOLS.getURL(&amp;quot;data/GetUserCheckUserChoiceData&amp;quot;);
	
		sendAsynchronousRequest(sAbsoluteURL,
								flattenObject(requestData),
								this.handleUserCheckChoiceData,
								this,
								[new Callback()]);
	}
	
	this.submitCancel = function()
	{
		if(window.oUserAction.incidentObject.CancelURL !== undefined &amp;amp;&amp;amp; window.oUserAction.incidentObject.CancelURL !== &amp;quot;&amp;quot;)
		{		
			window.location = window.oUserAction.incidentObject.CancelURL;
			return;
		}
		else
		{
			if (window.isThinPortal == true)
			{
				window.location = &amp;quot;about:blank&amp;quot;;
				return;
			}
			this.init(true);
		}	
	}
	
	this.handleUserCheckChoiceData = function(xhrStatus, xhrResponse, callback)
	{
		try
		{
			window.external.OKButtonClickedResponseReceived(&amp;apos;Done handling request&amp;apos;);			
		}
		catch(err)
		{
			//do nothing, this is probably the fat client
		}

		DEBUG.out(&amp;quot;UserAction::handleUserCheckChoiceData&amp;quot;);

		if (callback == undefined)
    	{
    	    callback = new Callback();
		}
		
		if (xhrStatus != 200)
		{
			DEBUG.out(&amp;apos;Retreiving UserCheck Incident Data failed. (&amp;apos;+xhrStatus+&amp;apos;)&amp;apos;, DEBUG.ERROR);
			callback.call();
			return;
		}
	
		var newViewJSONObj = JSON.parse(xhrResponse);
		
		var RedirectToAddr = newViewJSONObj.RedirectToAddr;
		if (window.oUserAction.incidentObject.Variables[&amp;apos;product&amp;apos;] != &amp;apos;Threat Extraction&amp;apos;)
		{
		    if(RedirectToAddr != &amp;quot;&amp;quot;)
		    {
			    var frame = &amp;quot;0&amp;quot;;
			    
			    frame = UserCheck.DataObj.frame;
			    //handle case of Ok on an email message approval of a content awareness violation. In this case we dont want to redirect, but show a message that tells to resend
                            if (window.oUserAction.incidentObject.Variables[&amp;apos;violation_protocol&amp;apos;] === &amp;apos;Email message&amp;apos; &amp;amp;&amp;amp; window.oUserAction.incidentObject.Variables[&amp;apos;product&amp;apos;] === &amp;apos;apcl&amp;apos;){
				var usercheck_main_div = document.getElementById(&amp;apos;usercheck_main_div&amp;apos;);
				if (usercheck_main_div != null)
					usercheck_main_div.innerHTML = &amp;quot;&amp;lt;p&amp;gt;&amp;quot; +PORTAL_IS.L10N.L10N_Obj.getStr(&amp;quot;CTNT_EMAIL_CONFIRM&amp;quot;)+&amp;quot;&amp;lt;/p&amp;gt;&amp;quot;;
				var okbtnDiv = document.getElementById(&amp;apos;usercheck_ok_div&amp;apos;);
				var cancelbtnDiv = document.getElementById(&amp;apos;usercheck_cancel_div&amp;apos;);
				if (okbtnDiv != null &amp;amp;&amp;amp; cancelbtnDiv != null){
					if (window.isThinPortal === undefined){
						okbtnDiv.style.display = &amp;quot;none&amp;quot;;
						cancelbtnDiv.style.display = &amp;quot;none&amp;quot;;
					}
					else {
						//handle client case - need to show a cancel button so the client window can be closed
						okbtnDiv.style.display = &amp;quot;none&amp;quot;;
						cancelbtnDiv.style.marginLeft = &amp;quot;auto&amp;quot;;
						cancelbtnDiv.style.marginRight = &amp;quot;auto&amp;quot;;
						var span = document.getElementById(&amp;apos;UserCheck_Cancel_Button_span&amp;apos;);
						if(span != null)
                                                        span.innerHTML = PORTAL_IS.L10N.L10N_Obj.getStr(&amp;apos;BUTTON.CLOSE&amp;apos;);
					}
				}
				return;
			    }
		    
			    if(typeof frame === &amp;quot;undefined&amp;quot; || frame == &amp;quot;0&amp;quot; || frame == &amp;quot;&amp;quot;)
			    {
				    if (window.isThinPortal === undefined)
				    {
					    //We have an address so redirect to that URL.
					    if ((RedirectToAddr.indexOf(&amp;apos;http://&amp;apos;) != 0)  &amp;amp;&amp;amp;(RedirectToAddr.indexOf(&amp;apos;https://&amp;apos;) != 0))
						    RedirectToAddr = &amp;quot;http://&amp;quot; + RedirectToAddr;
					    window.location = RedirectToAddr;
				    }
				    else
					    window.location = &amp;quot;about:blank&amp;quot;;
			    }
			    else
			    {
				    if (window.isThinPortal === undefined)
				    {
				    //We have an address so redirect to that URL in the parent frame.
					    if ((RedirectToAddr.indexOf(&amp;apos;http://&amp;apos;) != 0)  &amp;amp;&amp;amp;(RedirectToAddr.indexOf(&amp;apos;https://&amp;apos;) != 0))
						    RedirectToAddr = &amp;quot;http://&amp;quot; + RedirectToAddr;
    
				    window.opener.location = RedirectToAddr;
				    }
				    else
				    {
					    window.opener.location = &amp;quot;about:blank&amp;quot;;
				    }
				    window.close();
			    }
		    }
		    else
		    {
			    var frame = &amp;quot;0&amp;quot;;
			    frame = UserCheck.DataObj.frame;
			    if(typeof frame === &amp;quot;undefined&amp;quot; || frame == &amp;quot;0&amp;quot; || frame == &amp;quot;&amp;quot;)
			    {
				    if (window.isThinPortal == true)
				    {
					    window.location = &amp;quot;about:blank&amp;quot;;
				    }
			    }
			    else
			    {
				    if (window.isThinPortal == true)
				    {
					    window.opener.location = &amp;quot;about:blank&amp;quot;;
				    }
				    window.close();
			    }
		    }
	  	}
		else
		{
			window.location.reload();
		}
	}
	this.handleUserReportWrongCategoryData = function(xhrStatus, xhrResponse, callback)
	{
		
		DEBUG.out(&amp;quot;UserAction::handleUserLogData&amp;quot;);

		
		
		
	}
	
	this.handleTimeout = function()
	{
		var requestData = 	{
			                	IID: &amp;quot;-1&amp;quot;
							};
		
		requestData.IID = UserCheck.DataObj.IID;
		
		var sAbsoluteURL = PORTAL_IS.TOOLS.getURL(&amp;quot;ExtendTimeout&amp;quot;);
		
		sendAsynchronousRequest(sAbsoluteURL,
								flattenObject(requestData),
								window.oUserAction.handleTimeoutExtension,
								this,
								[new Callback()]);
	}
	
	this.handleTimeoutExtension = function(xhrStatus, xhrResponse, callback)
	{
		DEBUG.out(&amp;quot;UserAction::handleTimeoutExtension&amp;quot;);

		if (callback == undefined)
    	{
    	    callback = new Callback();
		}
		
		if (xhrStatus != 200)
		{
			if (window.isThinPortal === undefined)
			{
				DEBUG.out(&amp;apos;Retreiving UserCheck Timeout Extension data failed. (&amp;apos;+xhrStatus+&amp;apos;)&amp;apos;, DEBUG.ERROR);
				callback.call();
				return;
			}
			else
			{
				window.location = &amp;quot;about:blank&amp;quot;;
				return;
			}
		}
		var extensionObject = JSON.parse(xhrResponse);
		
		if(extensionObject.ReturnCode == &amp;quot;SUCCESS&amp;quot;)
		{
			if(extensionObject.Expiration &amp;gt; 15){
				UserCheck.tools.oTimeoutManager.startTimeoutTimer(extensionObject.Expiration - 15, window.oUserAction.handleTimeout);
			}
		}
		else
		{
			if(window.isThinPortal === undefined)
			{
			var button = document.getElementById(&amp;apos;UserCheck_OK_Button&amp;apos;);
			if(button !=null)
				button.style.display = &amp;quot;none&amp;quot;;
			var select = document.getElementById(&amp;apos;usercheck_language_selection&amp;apos;);
			if(select != null)
				select.disabled = true;
			
			showPortalMessage(PORTAL_IS.L10N.L10N_Obj.getStr(&amp;quot;TIMEOUT&amp;quot;) + &amp;quot; &amp;lt;a href=&amp;apos;&amp;quot; + window.oUserAction.incidentObject.RedirectToAddr + &amp;quot;&amp;apos;&amp;gt;&amp;quot; + PORTAL_IS.L10N.L10N_Obj.getStr(&amp;quot;RETRY&amp;quot;) + &amp;quot;&amp;lt;/a&amp;gt;&amp;quot;, null, PORTAL_IS.MESSAGE_TYPE.Display, true);
		}
			else
			{
				/* If we are in thin portal, redirect to about:blank
				   so that client can catch it and act accordingly. */
				window.location = &amp;quot;about:blank&amp;quot;;
			}
		}
	}
	
	//Prepare for language selection.
	this.prepareLanguageSelection = function()
	{
		var Languages = this.incidentObject.Languages;
		var prevSelectedLanguage = null;
		var userSelected = false;
		if (UserCheck.DataObj.Lang != &amp;quot;&amp;quot; &amp;amp;&amp;amp; UserCheck.DataObj.Lang !== undefined)
		{
			prevSelectedLanguage = UserCheck.DataObj.Lang;
			userSelected = true;
		}
		else if (this.incidentObject.PreferredLang != &amp;quot;&amp;quot;)
		{
			prevSelectedLanguage = this.incidentObject.PreferredLang;
		}
		else
		{
			prevSelectedLanguage = getCookie(&amp;apos;UserCheck_Selected_Language&amp;apos;);
		}
		var count = 0;
		
		//If there is no cookie, get the browser locale.
		if(prevSelectedLanguage == null)
		{
			var langArr = {};
			for(var Language in Languages)
			{
				langArr[Languages[Language].LanguageCode] = true;
			}
			
			prevSelectedLanguage = PORTAL_IS.L10N.L10N_Obj.selectLanguage(langArr);
		}
		
		if(document.getElementById(&amp;apos;usercheck_language_selection_div&amp;apos;) != null)
		{
			count = 0;
			var select = document.getElementById(&amp;apos;usercheck_language_selection&amp;apos;);
			select.options.length = 0;
			for(var Language in Languages)
			{
				select = document.getElementById(&amp;apos;usercheck_language_selection&amp;apos;);
				select.options[select.options.length] = new Option(Languages[Language].Language, Language, false, Language === prevSelectedLanguage);
				count++;
			}
			//Display language selection only if NOT in thin portal.
			if(count &amp;gt; 1 &amp;amp;&amp;amp; window.isThinPortal === undefined)
				document.getElementById(&amp;apos;usercheck_language_selection_div&amp;apos;).style.display = &amp;quot;block&amp;quot;;
			else
			{
				document.getElementById(&amp;apos;usercheck_language_selection_div&amp;apos;).style.display = &amp;quot;none&amp;quot;;
			}
				
		}
		this.handleLanguageChange(true, userSelected);
	}
	
	//Handles language change.
	this.handleLanguageChange = function(noReloadLang, userSelected)
	{
		var select = document.getElementById(&amp;apos;usercheck_language_selection&amp;apos;);
		var selectedLanguage = select.options[select.selectedIndex].value;
		if(noReloadLang === true)
		{
			//No need to load the language - if it is already loaded.
			this.asyncLanguageChangeCallback(userSelected);
		}
		else
		{
			//Reload language strings.
			PORTAL_IS.L10N.L10N_Obj.reloadLanguageTo(selectedLanguage, &amp;quot;en&amp;quot;, this.asyncLanguageChangeCallback);
		}

	}
		
	this.checkBoxExists = function(adminMessage)
	{
		if(adminMessage.indexOf(&amp;quot;UserCheck_Confirm_Checkbox&amp;quot;) != -1)
			return true;
			
		return false;
	}
	
	this.textareaExists = function(adminMessage)
	{
		if(adminMessage.indexOf(&amp;quot;UserCheck_Textual_Input&amp;quot;) != -1)
			return true;
			
		return false;
	}
	
	this.asyncLanguageChangeCallback = function(userSelected)
	{
		if (userSelected === undefined)
		{
			userSelected = true;
		}
		var select = document.getElementById(&amp;apos;usercheck_language_selection&amp;apos;);
		var check = document.getElementById(&amp;apos;UserCheck_Confirm_Checkbox&amp;apos;);
		
		var selectedLanguage = &amp;quot;Default&amp;quot;;
		if(select != null)
			selectedLanguage = select.options[select.selectedIndex].value;
		var checkBoxValue = check != null ? check.checked : false;
		
		//Save cookie for the selected language. Only if it is from a User Selection.
		if (userSelected)
		{
			setCookie(&amp;apos;UserCheck_Selected_Language&amp;apos;, selectedLanguage == &amp;quot;Default&amp;quot; ? &amp;quot;en&amp;quot; : selectedLanguage, 31556926, &amp;quot;/&amp;quot;);
			var cookieVal = getCookie(&amp;apos;UserCheck_UserID&amp;apos;);
            
			var handleUpdateUserDataResponse = function(xhrStatus, xhrResponse, callback){
				var newURL = window.location.href;
				var langLoc = newURL.indexOf(&amp;quot;&amp;amp;Lang=&amp;quot;);
				if (langLoc != -1)
				{
					newURL = newURL.substring(0, langLoc);
				}
				window.location = newURL;
			}

			sendAsynchronousRequest(getURL(&amp;quot;UpdateUserData&amp;quot;),
					&amp;quot;Language=&amp;quot;+encodeURIComponent(selectedLanguage) + &amp;quot;&amp;amp;IID=&amp;quot;+encodeURIComponent(UserCheck.DataObj.IID)+&amp;quot;&amp;amp;UserID=&amp;quot;+cookieVal,
					handleUpdateUserDataResponse,
					this,
					[new Callback()]);			
		}
		else
		{

        		//Keep this value globally for other funcs.
        		window.oUserAction.incidentObject.SelectedLanguage = selectedLanguage;
        	
        		var Languages = window.oUserAction.incidentObject.Languages;
        		var TitleText = Languages[selectedLanguage].TitleText;
        		var AdminMessage  = Languages[selectedLanguage].AdminMessage;
        		var CancelMessage = Languages[selectedLanguage].CancelMessage;
        		var OKButtonMessage  = window.oUserAction.incidentObject.OKButtonMessage[selectedLanguage];
        		var CancelButtonMessage  = window.oUserAction.incidentObject.CancelButtonMessage[selectedLanguage];
        		var SendButtonMessage	= window.oUserAction.incidentObject.SendButtonMessage[selectedLanguage];
        		var MiddleButtonMessage	= window.oUserAction.incidentObject.MiddleButtonMessage[selectedLanguage];
        		var HTTPLearningEnabled = window.oUserAction.incidentObject.HTTPLearningEnabled;
        		var PageTitle = Languages[selectedLanguage].PageTitle;
        		
        		document.getElementById(&amp;apos;usercheck_title_div&amp;apos;).innerHTML = TitleText;
        		
        		if(window.oUserAction.incidentObject.HasBeenCancelled === undefined || window.oUserAction.incidentObject.HasBeenCancelled === false)
        		{
        			if (window.oUserAction.incidentObject.IncidentStatus == 0 || window.oUserAction.incidentObject.IncidentStatus == 2 || window.oUserAction.incidentObject.IncidentStatus == 8)//ok or cancel or ok_scrubbing
        			{
        				document.getElementById(&amp;apos;usercheck_main_div&amp;apos;).innerHTML = AdminMessage;
        			}
        			else if (window.oUserAction.incidentObject.IncidentStatus == 3)// sent
        			{
        				// if http learning is enabled on action succeded show the HTTP_LEARNING message
        				if (HTTPLearningEnabled == true &amp;amp;&amp;amp; window.oUserAction.incidentObject.RedirectToAddr != &amp;quot;&amp;quot;) 
        				{
        					var usercheck_main_div = document.getElementById(&amp;apos;usercheck_main_div&amp;apos;)
        					if (usercheck_main_div != null)
        						usercheck_main_div.innerHTML = &amp;quot;&amp;lt;p&amp;gt;&amp;quot; +PORTAL_IS.L10N.L10N_Obj.getStr(&amp;quot;HTTP_LEARNING&amp;quot;)+&amp;quot;&amp;lt;/p&amp;gt;&amp;quot;;
        				}
        				else // an SMTP message 
        				{
        					document.getElementById(&amp;apos;usercheck_main_div&amp;apos;).innerHTML = AdminMessage;
        				}
        			}
        			else if (window.oUserAction.incidentObject.IncidentStatus == 4)//discarded
        			{
        				document.getElementById(&amp;apos;usercheck_main_div&amp;apos;).innerHTML = AdminMessage;
        			}
        			else if (window.oUserAction.incidentObject.IncidentStatus == 5)//already sent
        			{
        				if (HTTPLearningEnabled == true &amp;amp;&amp;amp; window.oUserAction.incidentObject.RedirectToAddr != &amp;quot;&amp;quot;)
        				{
        					//if approved http and then refreshed the page
        					var usercheck_main_div = document.getElementById(&amp;apos;usercheck_main_div&amp;apos;)
        					if (usercheck_main_div != null)
        						usercheck_main_div.innerHTML = &amp;quot;&amp;lt;p&amp;gt;&amp;quot; +PORTAL_IS.L10N.L10N_Obj.getStr(&amp;quot;HTTP_LEARNING&amp;quot;)+&amp;quot;&amp;lt;/p&amp;gt;&amp;quot;;
        				}
        				else
        				{
        					document.getElementById(&amp;apos;usercheck_main_div&amp;apos;).innerHTML = AdminMessage;
        					var return_to_site_div = document.getElementById(&amp;apos;usercheck_return_to_site_div&amp;apos;)					
        					if (return_to_site_div != null)
        						return_to_site_div.innerHTML = &amp;quot;&amp;lt;p style=&amp;apos;color: #FF5000;font-weight: bold;&amp;apos;&amp;gt;&amp;quot; +PORTAL_IS.L10N.L10N_Obj.getStr(&amp;quot;EMAIL_ALREADY_SENT&amp;quot;) +&amp;quot;&amp;lt;/p&amp;gt;&amp;quot;;
        				}
        			}
        			else if (window.oUserAction.incidentObject.IncidentStatus == 6)//already discarded
        			{
        				document.getElementById(&amp;apos;usercheck_main_div&amp;apos;).innerHTML = AdminMessage;
        				var return_to_site_div = document.getElementById(&amp;apos;usercheck_return_to_site_div&amp;apos;)					
        				if (return_to_site_div != null)
        					return_to_site_div.innerHTML = &amp;quot;&amp;lt;p style=&amp;apos;color: #FF5000;font-weight: bold;&amp;apos;&amp;gt;&amp;quot; +PORTAL_IS.L10N.L10N_Obj.getStr(&amp;quot;EMAIL_ALREADY_DISCARDED&amp;quot;) +&amp;quot;&amp;lt;/p&amp;gt;&amp;quot;;			
        			}
        			else
        			{
        				document.getElementById(&amp;apos;usercheck_main_div&amp;apos;).innerHTML = &amp;quot;&amp;lt;p&amp;gt;&amp;quot; + PORTAL_IS.L10N.L10N_Obj.getStr(&amp;quot;UNKOWN_INCIDENT_STATUS&amp;quot;) + &amp;quot;&amp;lt;/p&amp;gt;&amp;quot; + window.oUserAction.incidentObject.IncidentStatus;
        			}
        			
        			
        			var btnDiv = document.getElementById(&amp;apos;usercheck_ok_div&amp;apos;);
        			if (btnDiv != null)
        				btnDiv.innerHTML = OKButtonMessage;
        			btnDiv = document.getElementById(&amp;apos;usercheck_cancel_div&amp;apos;);
        			if (btnDiv != null){
        				btnDiv.innerHTML = CancelButtonMessage;
					if(window.oUserAction.incidentObject.Action == &amp;quot;BLOCK&amp;quot;){
						document.getElementById(&amp;apos;usercheck_cancel_div&amp;apos;).style.display = &amp;quot;none&amp;quot;;
						if( document.getElementById(&amp;apos;usercheck_ok_div&amp;apos;) != null){
							//alert(&amp;quot;entered first&amp;quot;);
							document.getElementById(&amp;apos;usercheck_ok_div&amp;apos;).style.marginRight = &amp;quot;auto&amp;quot;;
							document.getElementById(&amp;apos;usercheck_ok_div&amp;apos;).style.marginLeft = &amp;quot;auto&amp;quot;;
						}
						var dlp_block_div = document.getElementById(&amp;apos;usercheck_cancel_div&amp;apos;);
						if(dlp_block_div != null)
						{
							document.getElementById(&amp;apos;usercheck_cancel_div&amp;apos;).style.marginTop = &amp;quot;0px&amp;quot;;
						}
						dlp_block_div = document.getElementById(&amp;apos;usercheck_scrollable_div&amp;apos;); //if this is the client
						if(dlp_block_div != null){
							document.getElementById(&amp;apos;usercheck_scrollable_div&amp;apos;).style.height = &amp;quot;250px&amp;quot;;							
						}
					}
						if(window.oUserAction.incidentObject.Action == &amp;quot;ASK&amp;quot;){
							var is_client = document.getElementById(&amp;apos;usercheck_scrollable_div&amp;apos;); //if this is the client
							if(is_client != null){
								var checkBox_td = document.getElementById(&amp;apos;UserCheck_checkbox_td&amp;apos;);
								if(checkBox_td != null){											//for ask client with checkbox, move padding-top to 0px
									document.getElementById(&amp;apos;UserCheck_checkbox_td&amp;apos;).style.paddingTop = &amp;quot;0px&amp;quot;;
								}
							}
						}
					}
        			btnDiv = document.getElementById(&amp;apos;usercheck_send_div&amp;apos;);
        			// show the send button on SMTP (which is actually the send button) OR show it on inform action (which is actually OK button)
        			if (btnDiv != null &amp;amp;&amp;amp; (window.oUserAction.incidentObject.RedirectToAddr == &amp;quot;&amp;quot; || window.oUserAction.incidentObject.Action == &amp;quot;INFORM&amp;quot;) )
        			{
        				btnDiv.innerHTML = SendButtonMessage;
						var is_client = document.getElementById(&amp;apos;usercheck_scrollable_div&amp;apos;); //if this is the client
						if(is_client != null)
						{							
							document.getElementById(&amp;apos;usercheck_send_div&amp;apos;).style.marginLeft = &amp;quot;15%&amp;quot;;
							
						}else
						{
							document.getElementById(&amp;apos;usercheck_send_div&amp;apos;).style.marginLeft = &amp;quot;auto&amp;quot;;
						}
						if(document.getElementById(&amp;apos;usercheck_middle_div&amp;apos;) != null)
							{
								document.getElementById(&amp;apos;usercheck_middle_div&amp;apos;).style.marginRight = &amp;quot;auto&amp;quot;;
								document.getElementById(&amp;apos;usercheck_middle_div&amp;apos;).style.marginLeft = &amp;quot;auto&amp;quot;;
							}
        			}else if(btnDiv != null &amp;amp;&amp;amp; window.oUserAction.incidentObject.Action == &amp;quot;ASK&amp;quot;){
						document.getElementById(&amp;apos;usercheck_send_div&amp;apos;).style.display = &amp;quot;none&amp;quot;;						
        			}
        			btnDiv = document.getElementById(&amp;apos;usercheck_middle_div&amp;apos;);
        			if (btnDiv != null)
        			{
        					btnDiv.innerHTML = MiddleButtonMessage;
        			}
        			var goBackDiv = document.getElementById(&amp;apos;usercheck_return_to_site_div&amp;apos;);
        			if (goBackDiv)
        			{
        				// show return to site only when its http violation AND if the action is: sent or discarded or already sent or already discarded or cancelled.
        				if (window.oUserAction.incidentObject.RedirectToAddr != &amp;quot;&amp;quot; &amp;amp;&amp;amp; (window.oUserAction.incidentObject.IncidentStatus == 3 || window.oUserAction.incidentObject.IncidentStatus == 4 || window.oUserAction.incidentObject.IncidentStatus == 5 || window.oUserAction.incidentObject.IncidentStatus == 6 || window.oUserAction.incidentObject.IncidentStatus == 2))
        				{
        					goBackDiv.innerHTML = &amp;apos;&amp;lt;a href=&amp;quot;&amp;apos; + window.oUserAction.incidentObject.RedirectToAddr + &amp;apos;&amp;quot;&amp;gt;&amp;apos; + PORTAL_IS.L10N.L10N_Obj.getStr(&amp;quot;RETURN_TO_SITE&amp;quot;) + &amp;apos;&amp;lt;/a&amp;gt;&amp;apos;; 
        				}
        			}
        		}
        		else
        			document.getElementById(&amp;apos;usercheck_main_div&amp;apos;).innerHTML = CancelMessage;
        	
        		var page_title = document.getElementById(&amp;apos;usercheck_page_title&amp;apos;);
        		if(page_title != null)
        			page_title.innerHTML = PageTitle;
        		
        		var span = document.getElementById(&amp;apos;UserCheck_OK_Button_span&amp;apos;);
        		if(span != null)
        			span.innerHTML = PORTAL_IS.L10N.L10N_Obj.getStr(&amp;apos;BUTTON.OK&amp;apos;);
[...]
}
else
{
var description = "";
var img = "";
var toolTip = "";
                g_BlockSendMail = true;
if (attachments[i].fileStatus == "FILE-STATUS-WAITING-FOR-TE")
{
g_refreshFiles = true;
description = PORTAL_IS.L10N.L10N_Obj.getStr("CP_SCRUB_FILE_STATUS_WAITING_FOR_TE_DESC");
img = "img/loader.gif";
toolTip = PORTAL_IS.L10N.L10N_Obj.getStr("CP_SCRUB_FILE_STATUS_WAITING_FOR_TE");
}
else if (attachments[i].fileStatus == "FILE-STATUS-BLOCKED-BY-TE")
{
description = PORTAL_IS.L10N.L10N_Obj.getStr("CP_SCRUB_FILE_STATUS_BLOCKED_BY_TE_DESC");
img = "img/block.png";
toolTip = PORTAL_IS.L10N.L10N_Obj.getStr("CP_SCRUB_FILE_STATUS_BLOCKED_BY_TE");
}
else if (attachments[i].fileStatus == "FILE-STATUS-BLOCKED-BY-POLICY")
{
description = PORTAL_IS.L10N.L10N_Obj.getStr("CP_SCRUB_FILE_STATUS_BLOCKED_BY_POLICY_DESC");
img = "img/block.png";
toolTip = PORTAL_IS.L10N.L10N_Obj.getStr("CP_SCRUB_FILE_STATUS_BLOCKED_BY_POLICY");
}
scrub_files_out += "<li title=\"" + toolTip + "\"><img src=\"" + img + "\" width=\"20\" height=\"20\"/>&nbsp;<span id =\"" + filename_arg + "\">" + filename + "</span>" + elipsis_html + " <span style=\"color:LightSteelBlue\">(" + description + ")</span></li>"
}
}
scrub_files_out += "</ul><div id=\"refresh_timer_div\"></div>";
return scrub_files_out;
}

    this.isEmailAddressValid = function(inputvalue)
    {
        var pattern=/^[^@;\s<>]+@[^@;\s<>]+\.[^@;\s<>]+$/;
        if(pattern.test(inputvalue))
        {         
            return true;   
        }
        else
        {   
            return false; 
        }
    }
    
    this.highlightScrubInput = function()
    {
        var correctClass = window.oUserAction.getCorrectClass();
        var textarea_ready = false;
        textarea_element = document.getElementById('send_original_email_textarea');
        var errorElement = document.getElementById('scrub_error_div');
        var isValidEmail = false;
        //If the textarea is an incorrect element or length is correct, check passes.
        if(textarea_element.value != null)
        { 
            
            if (textarea_element.value.length > 0 && textarea_element.value.length <= 128 && textarea_element.value != PORTAL_IS.L10N.L10N_Obj.getStr("CP_SCRUB_SEND_EMAIL_EXAMPLE"))
            {   
                    
                    isValidEmail = window.oUserAction.isEmailAddressValid(textarea_element.value);
                    error_string = isValidEmail ? "" : PORTAL_IS.L10N.L10N_Obj.getStr("CP_SCRUB_EMAIL_INVALID");
                    if(errorElement != null)
                    {
                        errorElement.innerHTML = isValidEmail ? "" : "<br/><span style='color: #FF0000; display=inline'>* " + PORTAL_IS.L10N.L10N_Obj.getStr("CP_SCRUB_INVALID_EMAIL") + "</span>";
                    }
                    
                    textarea_ready = isValidEmail ? true : false;
            }
            else
            {
                    textarea_ready = false;
                    if(errorElement != null)
                    {
                        errorElement.innerHTML = "<br/><span style='color: #FF0000; display=inline'>* " + PORTAL_IS.L10N.L10N_Obj.getStr("REQUIRED_FIELDS") + "</span>";
                    }
                    
            }
            textarea_element.setAttribute(correctClass, (textarea_ready ? "usercheck_red_no_highlight" : "usercheck_red_highlight " ));
if(!textarea_ready)
{
if(textarea_element.value === "")
{   
                    textarea_element.value = PORTAL_IS.L10N.L10N_Obj.getStr("CP_SCRUB_SEND_EMAIL_EXAMPLE");
                    textarea_element.setAttribute(correctClass, "usercheck_red_highlight");
}
                if(textarea_element.value === PORTAL_IS.L10N.L10N_Obj.getStr("CP_SCRUB_SEND_EMAIL_EXAMPLE"))
                {
                    textarea_element.onfocus = function() { window.oUserAction.clearScrubRequiredInput(); };
                }
}
        }
        
        var scrub_send_email_result = document.getElementById('scrub_send_email_result_div');
        if(scrub_send_email_result != null)
        {
            scrub_send_email_result.innerHTML = "";
        }
        
        return textarea_ready;
    }
    
    this.clearScrubRequiredInput = function()
    {
            textarea_element = document.getElementById('send_original_email_textarea');
            
            textarea_element.value = "";
            var correctClass = window.oUserAction.getCorrectClass();
            
            if(textarea_element.getAttribute(correctClass) && textarea_element.getAttribute(correctClass).indexOf("usercheck_red_highlight") !== -1)
                textarea_element.setAttribute(correctClass, "usercheck_red_highlight");
            else
                textarea_element.setAttribute(correctClass, "");
            
            textarea_element.onfocus = function() { };
    }
        
    this.ScrubSendOriginalMail = function(IID)
    {
        receipientarea_element = document.getElementById('send_original_email_textarea');
        if(receipientarea_element != null)
        {
            if(document.getElementById('send_original_email_textarea').value !== undefined)
                //Unfocus the text-area.
                document.getElementById('send_original_email_textarea').blur();
            if(!window.oUserAction.highlightScrubInput())
                //There was some user input missing - don't continue.
                return;
            textarea_element = document.getElementById('send_original_email_textarea');
            
            var recipient = textarea_element.value;
            setCookie('Scrub_UserEmail', recipient, 31556926);
            
            var requestData = {};
requestData.IID = IID;
requestData.RECIPIENT = recipient;
            
            var sAbsoluteURL = PORTAL_IS.TOOLS.getURL('data/SendScrubOrigMail');

sendAsynchronousRequest(sAbsoluteURL,
flattenObject(requestData),
this.handleScrubSendEmailResponse,
this,
[new Callback()]);
            
        }
    }
    
    this.handleScrubSendEmailResponse = function(xhrStatus, xhrResponse, callback)
    {
        if (callback == undefined)
    {
        callback = new Callback();
}

if (xhrStatus != 200)
{
DEBUG.out('Scrub Sending Email failed. ('+xhrStatus+')', DEBUG.ERROR);
callback.call();
return;
}
        
        this.SendingEmailStatus = JSON.parse(xhrResponse);
        this.result = this.SendingEmailStatus.mailActionStatus;
        
        var scrub_send_email_result = document.getElementById('scrub_send_email_result_div');
        if(scrub_send_email_result == null)
        {
           return;  
        }
        
        if( "MAIL-SENT-SUCCESSFULLY" == this.result)
        {
            scrub_send_email_result.innerHTML = "<br/><span style='color: #FF5000;'>" + PORTAL_IS.L10N.L10N_Obj.getStr("CP_SCRUB_SEND_EMAIL_SUCCESS") + "</span>";
        }
        else
        {
            setCookie('Scrub_UserEmail',PORTAL_IS.L10N.L10N_Obj.getStr("CP_SCRUB_SEND_EMAIL_EXAMPLE") , 30);
            scrub_send_email_result.innerHTML = "<br/><span style='color: #FF0000;'>" + PORTAL_IS.L10N.L10N_Obj.getStr("CP_SCRUB_SEND_EMAIL_ERROR") + "</span>";
        }
        
        
    }
    
    this.createScrubbingSendOrigMailOption = function()
{
        var send_orig_option = "";
        var cookie = getCookie('Scrub_UserEmail');
        var image = "images/confirmation.png";
        var toolTip = PORTAL_IS.L10N.L10N_Obj.getStr("CP_SCRUB_SEND_ORIGINAL_EMAIL");
        
        if(g_BlockSendMail == true)
        {
            image = "img/block.png";
            toolTip = PORTAL_IS.L10N.L10N_Obj.getStr("CP_SCRUB_MAIL_BLOCKED_BY_POLICY");
            if(g_refreshFiles == true)
            {
                image = "img/loader.gif";
toolTip = PORTAL_IS.L10N.L10N_Obj.getStr("CP_SCRUB_FILE_STATUS_WAITING_FOR_TE");
            }
        }
        
var defaultStr = cookie != null ? cookie : PORTAL_IS.L10N.L10N_Obj.getStr("CP_SCRUB_SEND_EMAIL_EXAMPLE");
        var string_element = "<span";
        string_element += (g_BlockSendMail == true) ? " style=\"color:LightSteelBlue\" >" : ">";
        string_element +=  PORTAL_IS.L10N.L10N_Obj.getStr("CP_SCRUB_SEND_MAIL_STRING");
        string_element +=  " &nbsp;&nbsp;";
        
        var textarea_element = "<textarea id=\"send_original_email_textarea\" class =\"usercheck_textual_input_class_required\" style=\"width: 180px; height: 20px; font-size: 14px; vertical-align: top;\" xcontenteditable=\"true\" unselectable=\"off\"";
        textarea_element += (g_BlockSendMail == true) ? "disabled" : "";
        textarea_element += ">" +defaultStr + "</textarea>&nbsp;&nbsp;";
        
        var error_element = "<span><span id=\"scrub_error_div\" unselectable=\"on\"><br><span style=\"color: #FF0000;\"></span></span>";
        var result_element = "<span id=\"scrub_send_email_result_div\" unselectable=\"on\"><br></span>";
        
        var send_button_element = "<a id=\"send_original_email_button\" title=\"" + toolTip + "\" class=\"SendButtonNormal\"  onclick=\"window.oUserAction.ScrubSendOriginalMail('" + UserCheck.DataObj.IID + "')\"  unselectable=\"on\"><span id=\"send_original_email_span\" unselectable=\"off\"\></span></a>&nbsp&nbsp</span>";

        send_orig_option = "<div id=\"send_original_email_div\">";
        send_orig_option += "<ul id=\"send_original_email_ul\" style=\"list-style-type: none;padding: 0;\">";
        send_orig_option += "<li><img src=\"" + image + "\" width=\"20\" height=\"20\"/>&nbsp;&nbsp;";
        send_orig_option += string_element;
        send_orig_option += textarea_element;
        
        send_orig_option += (g_BlockSendMail == false) ? send_button_element : "";
        send_orig_option += error_element;
        send_orig_option += result_element;
        
        send_orig_option += "</li>";
        send_orig_option += "</ul>";
        send_orig_option += "</div>";
        return send_orig_option;
    }

this.handleScrubbingFiles = function(xhrStatus, xhrResponse, callback)
{
if (callback == undefined)
    {
        callback = new Callback();
}

if (xhrStatus != 200)
{
DEBUG.out('Retreiving UserCheck Incident Data failed. ('+xhrStatus+')', DEBUG.ERROR);
callback.call();
return;
}

this.scrubbingResponse = JSON.parse(xhrResponse);

var attachments = [];
if( Object.prototype.toString.call( this.scrubbingResponse.data.attachments ) != '[object Array]' ) {
attachments[0] = this.scrubbingResponse.data.attachments;
}
else
{
attachments = this.scrubbingResponse.data.attachments;
}

g_refreshFiles = false;
g_BlockSendMail = false;
var scrub_links_simple = document.getElementById('links_simple');
if (scrub_links_simple != null)
{
if (scrub_links_simple.hasChildNodes())
scrub_links_simple.removeChild(scrub_links_simple.childNodes[0]);
var tmp = document.createElement("div");
tmp.innerHTML = window.oUserAction.createScrubbingLinks(attachments, false);
scrub_links_simple.appendChild(tmp);
}

var scrub_links_extended = document.getElementById('links_extended');
if (scrub_links_extended != null)
{
if (scrub_links_extended.hasChildNodes())
scrub_links_extended.removeChild(scrub_links_extended.childNodes[0]);
var tmp = document.createElement("div");
tmp.innerHTML = window.oUserAction.createScrubbingLinks(attachments, true);
scrub_links_extended.appendChild(tmp);
}
document.getElementById('usercheck_content_table').style.width = 'auto';

        var scrub_wait_massage = document.getElementById('scrub_wait_message');
if (scrub_wait_massage != null)
{
scrub_wait_massage.style.display = 'none';
}

        var scrub_send_orig_mail = document.getElementById('scrub_send_orig_mail');
if (scrub_send_orig_mail != null)
{
if (scrub_send_orig_mail.hasChildNodes())
scrub_send_orig_mail.removeChild(scrub_send_orig_mail.childNodes[0]);
var tmp = document.createElement("div");
tmp.innerHTML = window.oUserAction.createScrubbingSendOrigMailOption();
scrub_send_orig_mail.appendChild(tmp);
            var scrub_orig_eml_textarea = document.getElementById('send_original_email_textarea');
            if(scrub_orig_eml_textarea != null)
            {
                scrub_orig_eml_textarea.onfocus = function() { window.oUserAction.clearScrubRequiredInput(); };
            }
            
            if(g_BlockSendMail == true)
            {
                setButtonMode(false,'send_original_email_button')
            }
}

if (g_refreshFiles)
{
UserCheck.tools.oTimeoutManager.startTimeoutTimer(30, window.oUserAction.refreshScrubbingFiles);
}
callback.call();
}

this.refreshScrubbingFiles = function()
{
var requestData = {
IID: "-1"
};
requestData.IID = UserCheck.DataObj.IID;
var sAbsoluteURL = PORTAL_IS.TOOLS.getURL("data/GetScrubFiles");
sendAsynchronousRequest(sAbsoluteURL,
flattenObject(requestData),
window.oUserAction.handleScrubbingFiles,
this,
[new Callback()]);
}

    this.showOrHideRemovedPartsfromFiles = function(FileIndex)
    {       
        var infoimg_element = document.getElementById('infoimg_' + FileIndex);
        var removed_parts_element = document.getElementById('removed_parts_' + FileIndex);
        
        if ( infoimg_element != null && removed_parts_element != null )
        {           
            if( removed_parts_element.style.display === "none" )
            {
                infoimg_element.style.display = 'none';
                removed_parts_element.style.display = 'inline';
            }
            else 
            {
                infoimg_element.style.display = "inline";
                removed_parts_element.style.display = 'none';
            }
        }
    }

} //END: window.UserAction = function()

window.oUserAction = new UserAction();
oUserAction.init();

    

at java.base/jdk.internal.reflect.NativeConstructorAccessorImpl.newInstance0(Native Method)
at java.base/jdk.internal.reflect.NativeConstructorAccessorImpl.newInstance(NativeConstructorAccessorImpl.java:77)
at java.base/jdk.internal.reflect.DelegatingConstructorAccessorImpl.newInstance(DelegatingConstructorAccessorImpl.java:45)
at java.base/java.lang.reflect.Constructor.newInstanceWithCaller(Constructor.java:499)
at java.base/java.lang.reflect.Constructor.newInstance(Constructor.java:480)
at org.codehaus.groovy.reflection.CachedConstructor.invoke(CachedConstructor.java:72)
at org.codehaus.groovy.runtime.callsite.ConstructorSite$ConstructorSiteNoUnwrapNoCoerce.callConstructor(ConstructorSite.java:105)
at org.codehaus.groovy.runtime.callsite.CallSiteArray.defaultCallConstructor(CallSiteArray.java:59)
at org.codehaus.groovy.runtime.callsite.AbstractCallSite.callConstructor(AbstractCallSite.java:263)
at org.codehaus.groovy.runtime.callsite.AbstractCallSite.callConstructor(AbstractCallSite.java:277)
at io.restassured.internal.ResponseSpecificationImpl$HamcrestAssertionClosure.validate(ResponseSpecificationImpl.groovy:493)
at io.restassured.internal.ResponseSpecificationImpl$HamcrestAssertionClosure$validate$1.call(Unknown Source)
at io.restassured.internal.ResponseSpecificationImpl.validateResponseIfRequired(ResponseSpecificationImpl.groovy:674)
at java.base/jdk.internal.reflect.NativeMethodAccessorImpl.invoke0(Native Method)
at java.base/jdk.internal.reflect.NativeMethodAccessorImpl.invoke(NativeMethodAccessorImpl.java:77)
at java.base/jdk.internal.reflect.DelegatingMethodAccessorImpl.invoke(DelegatingMethodAccessorImpl.java:43)
at java.base/java.lang.reflect.Method.invoke(Method.java:568)
at org.codehaus.groovy.runtime.callsite.PlainObjectMetaMethodSite.doInvoke(PlainObjectMetaMethodSite.java:43)
at org.codehaus.groovy.runtime.callsite.PogoMetaMethodSite$PogoCachedMethodSiteNoUnwrapNoCoerce.invoke(PogoMetaMethodSite.java:193)
at org.codehaus.groovy.runtime.callsite.PogoMetaMethodSite.callCurrent(PogoMetaMethodSite.java:61)
at org.codehaus.groovy.runtime.callsite.CallSiteArray.defaultCallCurrent(CallSiteArray.java:51)
at org.codehaus.groovy.runtime.callsite.AbstractCallSite.callCurrent(AbstractCallSite.java:171)
at org.codehaus.groovy.runtime.callsite.AbstractCallSite.callCurrent(AbstractCallSite.java:185)
at io.restassured.internal.ResponseSpecificationImpl.body(ResponseSpecificationImpl.groovy:261)
at io.restassured.specification.ResponseSpecification$body$1.callCurrent(Unknown Source)
at org.codehaus.groovy.runtime.callsite.CallSiteArray.defaultCallCurrent(CallSiteArray.java:51)
at org.codehaus.groovy.runtime.callsite.AbstractCallSite.callCurrent(AbstractCallSite.java:171)
at org.codehaus.groovy.runtime.callsite.AbstractCallSite.callCurrent(AbstractCallSite.java:212)
at io.restassured.internal.ResponseSpecificationImpl.body(ResponseSpecificationImpl.groovy:108)
at io.restassured.internal.ValidatableResponseOptionsImpl.body(ValidatableResponseOptionsImpl.java:244)
at io.restassured.internal.ValidatableResponseImpl.super$2$body(ValidatableResponseImpl.groovy)
at java.base/jdk.internal.reflect.NativeMethodAccessorImpl.invoke0(Native Method)
at java.base/jdk.internal.reflect.NativeMethodAccessorImpl.invoke(NativeMethodAccessorImpl.java:77)
at java.base/jdk.internal.reflect.DelegatingMethodAccessorImpl.invoke(DelegatingMethodAccessorImpl.java:43)
at java.base/java.lang.reflect.Method.invoke(Method.java:568)
at org.codehaus.groovy.reflection.CachedMethod.invoke(CachedMethod.java:107)
at groovy.lang.MetaMethod.doMethodInvoke(MetaMethod.java:323)
at groovy.lang.MetaClassImpl.invokeMethod(MetaClassImpl.java:1262)
at org.codehaus.groovy.runtime.ScriptBytecodeAdapter.invokeMethodOnSuperN(ScriptBytecodeAdapter.java:144)
at io.restassured.internal.ValidatableResponseImpl.body(ValidatableResponseImpl.groovy:298)
at io.restassured.internal.ValidatableResponseImpl.body(ValidatableResponseImpl.groovy)
at Basic3.AddAndDelete(Basic3.java:48)
at java.base/jdk.internal.reflect.NativeMethodAccessorImpl.invoke0(Native Method)
at java.base/jdk.internal.reflect.NativeMethodAccessorImpl.invoke(NativeMethodAccessorImpl.java:77)
at java.base/jdk.internal.reflect.DelegatingMethodAccessorImpl.invoke(DelegatingMethodAccessorImpl.java:43)
at java.base/java.lang.reflect.Method.invoke(Method.java:568)
at org.testng.internal.MethodInvocationHelper.invokeMethod(MethodInvocationHelper.java:133)
at org.testng.internal.TestInvoker.invokeMethod(TestInvoker.java:598)
at org.testng.internal.TestInvoker.invokeTestMethod(TestInvoker.java:173)
at org.testng.internal.MethodRunner.runInSequence(MethodRunner.java:46)
at org.testng.internal.TestInvoker$MethodInvocationAgent.invoke(TestInvoker.java:824)
at org.testng.internal.TestInvoker.invokeTestMethods(TestInvoker.java:146)
at org.testng.internal.TestMethodWorker.invokeTestMethods(TestMethodWorker.java:146)
at org.testng.internal.TestMethodWorker.run(TestMethodWorker.java:128)
at java.base/java.util.ArrayList.forEach(ArrayList.java:1511)
at org.testng.TestRunner.privateRun(TestRunner.java:794)
at org.testng.TestRunner.run(TestRunner.java:596)
at org.testng.SuiteRunner.runTest(SuiteRunner.java:377)
at org.testng.SuiteRunner.runSequentially(SuiteRunner.java:371)
at org.testng.SuiteRunner.privateRun(SuiteRunner.java:332)
at org.testng.SuiteRunner.run(SuiteRunner.java:276)
at org.testng.SuiteRunnerWorker.runSuite(SuiteRunnerWorker.java:53)
at org.testng.SuiteRunnerWorker.run(SuiteRunnerWorker.java:96)
at org.testng.TestNG.runSuitesSequentially(TestNG.java:1212)
at org.testng.TestNG.runSuitesLocally(TestNG.java:1134)
at org.testng.TestNG.runSuites(TestNG.java:1063)
at org.testng.TestNG.run(TestNG.java:1031)
at org.testng.remote.AbstractRemoteTestNG.run(AbstractRemoteTestNG.java:115)
at org.testng.remote.RemoteTestNG.initAndRun(RemoteTestNG.java:251)
at org.testng.remote.RemoteTestNG.main(RemoteTestNG.java:77)
]]>
    </failure>
  </testcase> <!-- AddAndDelete -->
</testsuite> <!-- Default test -->
